mode: set
github.com/fivetime/kubezoo-gateway/cmd/clusterresourcequota/install.go:29.13,33.2 3 0
github.com/fivetime/kubezoo-gateway/cmd/clusterresourcequota/install.go:35.83,39.2 3 0
github.com/fivetime/kubezoo-gateway/cmd/clusterresourcequota/main.go:43.13,87.16 16 0
github.com/fivetime/kubezoo-gateway/cmd/clusterresourcequota/main.go:87.16,90.3 2 0
github.com/fivetime/kubezoo-gateway/cmd/clusterresourcequota/main.go:92.2,95.16 2 0
github.com/fivetime/kubezoo-gateway/cmd/clusterresourcequota/main.go:95.16,98.3 2 0
github.com/fivetime/kubezoo-gateway/cmd/clusterresourcequota/main.go:100.2,106.39 1 0
github.com/fivetime/kubezoo-gateway/cmd/clusterresourcequota/main.go:106.39,109.3 2 0
github.com/fivetime/kubezoo-gateway/cmd/clusterresourcequota/main.go:113.2,113.69 1 0
github.com/fivetime/kubezoo-gateway/cmd/clusterresourcequota/main.go:113.69,116.3 2 0
github.com/fivetime/kubezoo-gateway/cmd/clusterresourcequota/main.go:117.2,117.67 1 0
github.com/fivetime/kubezoo-gateway/cmd/clusterresourcequota/main.go:117.67,120.3 2 0
github.com/fivetime/kubezoo-gateway/cmd/clusterresourcequota/main.go:122.2,123.61 2 0
github.com/fivetime/kubezoo-gateway/cmd/clusterresourcequota/main.go:123.61,126.3 2 0
github.com/fivetime/kubezoo-gateway/cmd/kubezoo/main.go:30.13,38.42 5 0
github.com/fivetime/kubezoo-gateway/cmd/kubezoo/main.go:38.42,40.3 1 0
github.com/fivetime/kubezoo-gateway/pkg/convert/accessreview.go:53.53,55.2 1 1
github.com/fivetime/kubezoo-gateway/pkg/convert/accessreview.go:58.104,59.30 1 1
github.com/fivetime/kubezoo-gateway/pkg/convert/accessreview.go:60.46,62.21 2 1
github.com/fivetime/kubezoo-gateway/pkg/convert/accessreview.go:63.47,65.64 2 1
github.com/fivetime/kubezoo-gateway/pkg/convert/accessreview.go:65.64,67.4 1 0
github.com/fivetime/kubezoo-gateway/pkg/convert/accessreview.go:68.3,68.21 1 1
github.com/fivetime/kubezoo-gateway/pkg/convert/accessreview.go:69.42,71.64 2 1
github.com/fivetime/kubezoo-gateway/pkg/convert/accessreview.go:71.64,73.4 1 1
github.com/fivetime/kubezoo-gateway/pkg/convert/accessreview.go:74.3,74.21 1 1
github.com/fivetime/kubezoo-gateway/pkg/convert/accessreview.go:75.45,76.37 1 1
github.com/fivetime/kubezoo-gateway/pkg/convert/accessreview.go:76.37,78.4 1 1
github.com/fivetime/kubezoo-gateway/pkg/convert/accessreview.go:79.3,79.21 1 1
github.com/fivetime/kubezoo-gateway/pkg/convert/accessreview.go:80.10,81.109 1 0
github.com/fivetime/kubezoo-gateway/pkg/convert/accessreview.go:89.105,90.30 1 1
github.com/fivetime/kubezoo-gateway/pkg/convert/accessreview.go:91.46,93.21 2 0
github.com/fivetime/kubezoo-gateway/pkg/convert/accessreview.go:94.47,97.21 3 1
github.com/fivetime/kubezoo-gateway/pkg/convert/accessreview.go:98.42,101.21 3 0
github.com/fivetime/kubezoo-gateway/pkg/convert/accessreview.go:102.45,105.21 3 1
github.com/fivetime/kubezoo-gateway/pkg/convert/accessreview.go:106.10,107.109 1 0
github.com/fivetime/kubezoo-gateway/pkg/convert/accessreview.go:120.95,121.23 1 1
github.com/fivetime/kubezoo-gateway/pkg/convert/accessreview.go:121.23,123.3 1 0
github.com/fivetime/kubezoo-gateway/pkg/convert/accessreview.go:124.2,124.35 1 1
github.com/fivetime/kubezoo-gateway/pkg/convert/accessreview.go:124.35,126.3 1 1
github.com/fivetime/kubezoo-gateway/pkg/convert/accessreview.go:127.2,127.75 1 1
github.com/fivetime/kubezoo-gateway/pkg/convert/accessreview.go:127.75,129.3 1 1
github.com/fivetime/kubezoo-gateway/pkg/convert/accessreview.go:132.96,133.23 1 1
github.com/fivetime/kubezoo-gateway/pkg/convert/accessreview.go:133.23,135.3 1 0
github.com/fivetime/kubezoo-gateway/pkg/convert/accessreview.go:136.2,137.72 2 1
github.com/fivetime/kubezoo-gateway/pkg/convert/accessreview.go:147.89,148.24 1 1
github.com/fivetime/kubezoo-gateway/pkg/convert/accessreview.go:148.24,150.17 2 1
github.com/fivetime/kubezoo-gateway/pkg/convert/accessreview.go:150.17,152.4 1 1
github.com/fivetime/kubezoo-gateway/pkg/convert/accessreview.go:153.3,153.24 1 1
github.com/fivetime/kubezoo-gateway/pkg/convert/accessreview.go:155.2,155.36 1 1
github.com/fivetime/kubezoo-gateway/pkg/convert/accessreview.go:155.36,157.17 2 1
github.com/fivetime/kubezoo-gateway/pkg/convert/accessreview.go:157.17,159.4 1 0
github.com/fivetime/kubezoo-gateway/pkg/convert/accessreview.go:160.3,160.29 1 1
github.com/fivetime/kubezoo-gateway/pkg/convert/accessreview.go:162.2,162.12 1 1
github.com/fivetime/kubezoo-gateway/pkg/convert/accessreview.go:165.84,167.29 2 1
github.com/fivetime/kubezoo-gateway/pkg/convert/accessreview.go:167.29,169.3 1 0
github.com/fivetime/kubezoo-gateway/pkg/convert/accessreview.go:172.65,173.68 1 1
github.com/fivetime/kubezoo-gateway/pkg/convert/accessreview.go:173.68,175.3 1 1
github.com/fivetime/kubezoo-gateway/pkg/convert/accessreview.go:176.2,176.44 1 1
github.com/fivetime/kubezoo-gateway/pkg/convert/accessreview.go:176.44,180.3 1 1
github.com/fivetime/kubezoo-gateway/pkg/convert/accessreview.go:181.2,181.56 1 0
github.com/fivetime/kubezoo-gateway/pkg/convert/accessreview.go:184.57,185.68 1 1
github.com/fivetime/kubezoo-gateway/pkg/convert/accessreview.go:185.68,187.3 1 1
github.com/fivetime/kubezoo-gateway/pkg/convert/accessreview.go:188.2,188.52 1 0
github.com/fivetime/kubezoo-gateway/pkg/convert/accessreview.go:194.59,195.15 1 1
github.com/fivetime/kubezoo-gateway/pkg/convert/accessreview.go:196.82,197.20 1 1
github.com/fivetime/kubezoo-gateway/pkg/convert/accessreview.go:199.2,199.63 1 1
github.com/fivetime/kubezoo-gateway/pkg/convert/accessreview.go:199.63,201.3 1 1
github.com/fivetime/kubezoo-gateway/pkg/convert/accessreview.go:202.2,202.41 1 0
github.com/fivetime/kubezoo-gateway/pkg/convert/accessreview.go:202.41,205.3 1 0
github.com/fivetime/kubezoo-gateway/pkg/convert/accessreview.go:206.2,206.53 1 0
github.com/fivetime/kubezoo-gateway/pkg/convert/accessreview.go:209.51,210.63 1 0
github.com/fivetime/kubezoo-gateway/pkg/convert/accessreview.go:210.63,212.3 1 0
github.com/fivetime/kubezoo-gateway/pkg/convert/accessreview.go:213.2,213.49 1 0
github.com/fivetime/kubezoo-gateway/pkg/convert/accessreview.go:219.65,221.39 2 1
github.com/fivetime/kubezoo-gateway/pkg/convert/accessreview.go:221.39,223.3 1 0
github.com/fivetime/kubezoo-gateway/pkg/convert/accessreview.go:224.2,225.25 2 1
github.com/fivetime/kubezoo-gateway/pkg/convert/accessreview.go:225.25,227.3 1 0
github.com/fivetime/kubezoo-gateway/pkg/convert/accessreview.go:228.2,228.24 1 1
github.com/fivetime/kubezoo-gateway/pkg/convert/accessreview.go:247.73,248.23 1 1
github.com/fivetime/kubezoo-gateway/pkg/convert/accessreview.go:248.23,251.3 2 1
github.com/fivetime/kubezoo-gateway/pkg/convert/accessreview.go:256.63,257.22 1 1
github.com/fivetime/kubezoo-gateway/pkg/convert/accessreview.go:257.22,259.3 1 0
github.com/fivetime/kubezoo-gateway/pkg/convert/accessreview.go:260.2,262.31 3 1
github.com/fivetime/kubezoo-gateway/pkg/convert/accessreview.go:262.31,264.18 2 1
github.com/fivetime/kubezoo-gateway/pkg/convert/accessreview.go:264.18,265.12 1 1
github.com/fivetime/kubezoo-gateway/pkg/convert/accessreview.go:267.3,268.35 2 1
github.com/fivetime/kubezoo-gateway/pkg/convert/accessreview.go:270.2,270.16 1 1
github.com/fivetime/kubezoo-gateway/pkg/convert/clusterrole.go:37.85,41.2 1 1
github.com/fivetime/kubezoo-gateway/pkg/convert/clusterrole.go:44.103,46.9 2 1
github.com/fivetime/kubezoo-gateway/pkg/convert/clusterrole.go:46.9,48.3 1 0
github.com/fivetime/kubezoo-gateway/pkg/convert/clusterrole.go:49.2,49.98 1 1
github.com/fivetime/kubezoo-gateway/pkg/convert/clusterrole.go:49.98,51.3 1 0
github.com/fivetime/kubezoo-gateway/pkg/convert/clusterrole.go:52.2,52.25 1 1
github.com/fivetime/kubezoo-gateway/pkg/convert/clusterrole.go:56.104,58.9 2 1
github.com/fivetime/kubezoo-gateway/pkg/convert/clusterrole.go:58.9,60.3 1 0
github.com/fivetime/kubezoo-gateway/pkg/convert/clusterrole.go:61.2,61.96 1 1
github.com/fivetime/kubezoo-gateway/pkg/convert/clusterrole.go:61.96,63.3 1 0
github.com/fivetime/kubezoo-gateway/pkg/convert/clusterrole.go:64.2,64.25 1 1
github.com/fivetime/kubezoo-gateway/pkg/convert/clusterrole.go:69.140,70.24 1 1
github.com/fivetime/kubezoo-gateway/pkg/convert/clusterrole.go:70.24,72.3 1 0
github.com/fivetime/kubezoo-gateway/pkg/convert/clusterrole.go:73.2,74.16 2 1
github.com/fivetime/kubezoo-gateway/pkg/convert/clusterrole.go:74.16,76.3 1 0
github.com/fivetime/kubezoo-gateway/pkg/convert/clusterrole.go:77.2,78.26 2 1
github.com/fivetime/kubezoo-gateway/pkg/convert/clusterrole.go:78.26,79.64 1 1
github.com/fivetime/kubezoo-gateway/pkg/convert/clusterrole.go:79.64,81.4 1 0
github.com/fivetime/kubezoo-gateway/pkg/convert/clusterrole.go:83.2,83.12 1 1
github.com/fivetime/kubezoo-gateway/pkg/convert/clusterrolebinding.go:37.59,39.2 1 1
github.com/fivetime/kubezoo-gateway/pkg/convert/clusterrolebinding.go:42.110,44.9 2 1
github.com/fivetime/kubezoo-gateway/pkg/convert/clusterrolebinding.go:44.9,46.3 1 0
github.com/fivetime/kubezoo-gateway/pkg/convert/clusterrolebinding.go:48.2,48.97 1 1
github.com/fivetime/kubezoo-gateway/pkg/convert/clusterrolebinding.go:48.97,50.3 1 0
github.com/fivetime/kubezoo-gateway/pkg/convert/clusterrolebinding.go:51.2,51.68 1 1
github.com/fivetime/kubezoo-gateway/pkg/convert/clusterrolebinding.go:51.68,53.3 1 1
github.com/fivetime/kubezoo-gateway/pkg/convert/clusterrolebinding.go:54.2,54.17 1 1
github.com/fivetime/kubezoo-gateway/pkg/convert/clusterrolebinding.go:58.111,60.9 2 1
github.com/fivetime/kubezoo-gateway/pkg/convert/clusterrolebinding.go:60.9,62.3 1 0
github.com/fivetime/kubezoo-gateway/pkg/convert/clusterrolebinding.go:63.2,63.95 1 1
github.com/fivetime/kubezoo-gateway/pkg/convert/clusterrolebinding.go:63.95,65.3 1 0
github.com/fivetime/kubezoo-gateway/pkg/convert/clusterrolebinding.go:66.2,66.39 1 1
github.com/fivetime/kubezoo-gateway/pkg/convert/clusterrolebinding.go:66.39,67.53 1 1
github.com/fivetime/kubezoo-gateway/pkg/convert/clusterrolebinding.go:67.53,69.4 1 1
github.com/fivetime/kubezoo-gateway/pkg/convert/clusterrolebinding.go:70.3,70.73 1 1
github.com/fivetime/kubezoo-gateway/pkg/convert/clusterrolebinding.go:72.2,72.17 1 1
github.com/fivetime/kubezoo-gateway/pkg/convert/cross-object.go:47.119,49.2 1 1
github.com/fivetime/kubezoo-gateway/pkg/convert/cross-object.go:53.138,55.16 2 1
github.com/fivetime/kubezoo-gateway/pkg/convert/cross-object.go:55.16,58.3 2 0
github.com/fivetime/kubezoo-gateway/pkg/convert/cross-object.go:61.2,62.16 2 1
github.com/fivetime/kubezoo-gateway/pkg/convert/cross-object.go:62.16,65.3 2 0
github.com/fivetime/kubezoo-gateway/pkg/convert/cross-object.go:67.2,67.12 1 1
github.com/fivetime/kubezoo-gateway/pkg/convert/cross-object.go:72.138,74.16 2 1
github.com/fivetime/kubezoo-gateway/pkg/convert/cross-object.go:74.16,77.3 2 0
github.com/fivetime/kubezoo-gateway/pkg/convert/cross-object.go:80.2,81.16 2 1
github.com/fivetime/kubezoo-gateway/pkg/convert/cross-object.go:81.16,84.3 2 0
github.com/fivetime/kubezoo-gateway/pkg/convert/cross-object.go:86.2,86.12 1 1
github.com/fivetime/kubezoo-gateway/pkg/convert/customresource.go:38.55,40.2 1 1
github.com/fivetime/kubezoo-gateway/pkg/convert/customresource.go:43.106,45.9 2 1
github.com/fivetime/kubezoo-gateway/pkg/convert/customresource.go:45.9,47.3 1 0
github.com/fivetime/kubezoo-gateway/pkg/convert/customresource.go:48.2,50.61 3 1
github.com/fivetime/kubezoo-gateway/pkg/convert/customresource.go:50.61,52.3 1 0
github.com/fivetime/kubezoo-gateway/pkg/convert/customresource.go:53.2,53.15 1 1
github.com/fivetime/kubezoo-gateway/pkg/convert/customresource.go:57.107,59.9 2 1
github.com/fivetime/kubezoo-gateway/pkg/convert/customresource.go:59.9,61.3 1 0
github.com/fivetime/kubezoo-gateway/pkg/convert/customresource.go:62.2,63.48 2 1
github.com/fivetime/kubezoo-gateway/pkg/convert/customresource.go:63.48,65.3 1 0
github.com/fivetime/kubezoo-gateway/pkg/convert/customresource.go:66.2,67.61 2 1
github.com/fivetime/kubezoo-gateway/pkg/convert/customresource.go:67.61,68.44 1 0
github.com/fivetime/kubezoo-gateway/pkg/convert/customresource.go:68.44,73.4 1 0
github.com/fivetime/kubezoo-gateway/pkg/convert/customresource.go:74.3,74.52 1 0
github.com/fivetime/kubezoo-gateway/pkg/convert/customresource.go:76.2,76.15 1 1
github.com/fivetime/kubezoo-gateway/pkg/convert/customresource.go:90.93,92.23 2 1
github.com/fivetime/kubezoo-gateway/pkg/convert/customresource.go:92.23,94.3 1 1
github.com/fivetime/kubezoo-gateway/pkg/convert/customresource.go:95.2,96.25 2 0
github.com/fivetime/kubezoo-gateway/pkg/convert/customresource.go:96.25,98.36 2 0
github.com/fivetime/kubezoo-gateway/pkg/convert/customresource.go:98.36,100.4 1 0
github.com/fivetime/kubezoo-gateway/pkg/convert/customresource.go:102.2,102.31 1 0
github.com/fivetime/kubezoo-gateway/pkg/convert/customresourcedefinition.go:40.76,44.2 1 1
github.com/fivetime/kubezoo-gateway/pkg/convert/customresourcedefinition.go:48.127,50.9 2 1
github.com/fivetime/kubezoo-gateway/pkg/convert/customresourcedefinition.go:50.9,52.3 1 0
github.com/fivetime/kubezoo-gateway/pkg/convert/customresourcedefinition.go:54.2,54.58 1 1
github.com/fivetime/kubezoo-gateway/pkg/convert/customresourcedefinition.go:54.58,57.3 1 1
github.com/fivetime/kubezoo-gateway/pkg/convert/customresourcedefinition.go:58.2,60.67 3 1
github.com/fivetime/kubezoo-gateway/pkg/convert/customresourcedefinition.go:60.67,62.3 1 0
github.com/fivetime/kubezoo-gateway/pkg/convert/customresourcedefinition.go:63.2,63.37 1 1
github.com/fivetime/kubezoo-gateway/pkg/convert/customresourcedefinition.go:63.37,65.17 2 0
github.com/fivetime/kubezoo-gateway/pkg/convert/customresourcedefinition.go:65.17,67.4 1 0
github.com/fivetime/kubezoo-gateway/pkg/convert/customresourcedefinition.go:68.3,68.35 1 0
github.com/fivetime/kubezoo-gateway/pkg/convert/customresourcedefinition.go:70.2,70.12 1 1
github.com/fivetime/kubezoo-gateway/pkg/convert/customresourcedefinition.go:75.127,77.9 2 1
github.com/fivetime/kubezoo-gateway/pkg/convert/customresourcedefinition.go:77.9,79.3 1 0
github.com/fivetime/kubezoo-gateway/pkg/convert/customresourcedefinition.go:81.2,81.50 1 1
github.com/fivetime/kubezoo-gateway/pkg/convert/customresourcedefinition.go:81.50,83.3 1 1
github.com/fivetime/kubezoo-gateway/pkg/convert/customresourcedefinition.go:84.2,86.68 3 1
github.com/fivetime/kubezoo-gateway/pkg/convert/customresourcedefinition.go:86.68,88.3 1 0
github.com/fivetime/kubezoo-gateway/pkg/convert/customresourcedefinition.go:89.2,89.37 1 1
github.com/fivetime/kubezoo-gateway/pkg/convert/customresourcedefinition.go:89.37,91.17 2 0
github.com/fivetime/kubezoo-gateway/pkg/convert/customresourcedefinition.go:91.17,93.4 1 0
github.com/fivetime/kubezoo-gateway/pkg/convert/customresourcedefinition.go:94.3,94.35 1 0
github.com/fivetime/kubezoo-gateway/pkg/convert/customresourcedefinition.go:96.2,96.12 1 1
github.com/fivetime/kubezoo-gateway/pkg/convert/customresourcedefinition.go:109.100,111.25 2 1
github.com/fivetime/kubezoo-gateway/pkg/convert/customresourcedefinition.go:111.25,113.3 1 1
github.com/fivetime/kubezoo-gateway/pkg/convert/customresourcedefinition.go:114.2,114.29 1 0
github.com/fivetime/kubezoo-gateway/pkg/convert/customresourcedefinition.go:114.29,118.3 1 0
github.com/fivetime/kubezoo-gateway/pkg/convert/customresourcedefinition.go:119.2,119.76 1 0
github.com/fivetime/kubezoo-gateway/pkg/convert/customresourcedefinition.go:119.76,121.3 1 0
github.com/fivetime/kubezoo-gateway/pkg/convert/customresourcedefinition.go:122.2,122.12 1 0
github.com/fivetime/kubezoo-gateway/pkg/convert/customresourcedefinition.go:125.101,127.100 2 1
github.com/fivetime/kubezoo-gateway/pkg/convert/customresourcedefinition.go:127.100,129.3 1 1
github.com/fivetime/kubezoo-gateway/pkg/convert/customresourcedefinition.go:130.2,130.70 1 0
github.com/fivetime/kubezoo-gateway/pkg/convert/customresourcedefinition.go:130.70,133.3 1 0
github.com/fivetime/kubezoo-gateway/pkg/convert/customresourcedefinition.go:134.2,135.12 2 0
github.com/fivetime/kubezoo-gateway/pkg/convert/customresourcedefinition.go:138.108,139.82 1 1
github.com/fivetime/kubezoo-gateway/pkg/convert/customresourcedefinition.go:139.82,141.3 1 1
github.com/fivetime/kubezoo-gateway/pkg/convert/customresourcedefinition.go:142.2,142.48 1 0
github.com/fivetime/kubezoo-gateway/pkg/convert/default.go:37.80,41.2 1 1
github.com/fivetime/kubezoo-gateway/pkg/convert/default.go:45.131,47.16 2 1
github.com/fivetime/kubezoo-gateway/pkg/convert/default.go:47.16,49.3 1 0
github.com/fivetime/kubezoo-gateway/pkg/convert/default.go:50.2,50.56 1 1
github.com/fivetime/kubezoo-gateway/pkg/convert/default.go:50.56,53.3 2 1
github.com/fivetime/kubezoo-gateway/pkg/convert/default.go:53.8,53.59 1 1
github.com/fivetime/kubezoo-gateway/pkg/convert/default.go:53.59,56.3 2 1
github.com/fivetime/kubezoo-gateway/pkg/convert/default.go:57.2,58.33 2 1
github.com/fivetime/kubezoo-gateway/pkg/convert/default.go:58.33,60.17 2 1
github.com/fivetime/kubezoo-gateway/pkg/convert/default.go:60.17,62.4 1 0
github.com/fivetime/kubezoo-gateway/pkg/convert/default.go:63.3,63.31 1 1
github.com/fivetime/kubezoo-gateway/pkg/convert/default.go:65.2,66.12 2 1
github.com/fivetime/kubezoo-gateway/pkg/convert/default.go:71.131,73.16 2 1
github.com/fivetime/kubezoo-gateway/pkg/convert/default.go:73.16,75.3 1 0
github.com/fivetime/kubezoo-gateway/pkg/convert/default.go:77.2,77.23 1 1
github.com/fivetime/kubezoo-gateway/pkg/convert/default.go:77.23,81.3 3 1
github.com/fivetime/kubezoo-gateway/pkg/convert/default.go:81.8,85.3 3 1
github.com/fivetime/kubezoo-gateway/pkg/convert/default.go:86.2,87.33 2 1
github.com/fivetime/kubezoo-gateway/pkg/convert/default.go:87.33,89.17 2 1
github.com/fivetime/kubezoo-gateway/pkg/convert/default.go:89.17,91.4 1 0
github.com/fivetime/kubezoo-gateway/pkg/convert/default.go:92.3,92.31 1 1
github.com/fivetime/kubezoo-gateway/pkg/convert/default.go:94.2,95.12 2 1
github.com/fivetime/kubezoo-gateway/pkg/convert/endpoints.go:36.80,40.2 1 1
github.com/fivetime/kubezoo-gateway/pkg/convert/endpoints.go:43.101,45.9 2 1
github.com/fivetime/kubezoo-gateway/pkg/convert/endpoints.go:45.9,47.3 1 0
github.com/fivetime/kubezoo-gateway/pkg/convert/endpoints.go:49.2,49.35 1 1
github.com/fivetime/kubezoo-gateway/pkg/convert/endpoints.go:49.35,50.49 1 1
github.com/fivetime/kubezoo-gateway/pkg/convert/endpoints.go:50.49,52.18 2 1
github.com/fivetime/kubezoo-gateway/pkg/convert/endpoints.go:52.18,54.5 1 0
github.com/fivetime/kubezoo-gateway/pkg/convert/endpoints.go:55.4,55.56 1 1
github.com/fivetime/kubezoo-gateway/pkg/convert/endpoints.go:57.3,57.57 1 1
github.com/fivetime/kubezoo-gateway/pkg/convert/endpoints.go:57.57,59.18 2 1
github.com/fivetime/kubezoo-gateway/pkg/convert/endpoints.go:59.18,61.5 1 0
github.com/fivetime/kubezoo-gateway/pkg/convert/endpoints.go:62.4,62.64 1 1
github.com/fivetime/kubezoo-gateway/pkg/convert/endpoints.go:65.2,65.23 1 1
github.com/fivetime/kubezoo-gateway/pkg/convert/endpoints.go:69.102,71.9 2 1
github.com/fivetime/kubezoo-gateway/pkg/convert/endpoints.go:71.9,73.3 1 0
github.com/fivetime/kubezoo-gateway/pkg/convert/endpoints.go:74.2,74.35 1 1
github.com/fivetime/kubezoo-gateway/pkg/convert/endpoints.go:74.35,75.49 1 1
github.com/fivetime/kubezoo-gateway/pkg/convert/endpoints.go:75.49,77.18 2 1
github.com/fivetime/kubezoo-gateway/pkg/convert/endpoints.go:77.18,79.5 1 0
github.com/fivetime/kubezoo-gateway/pkg/convert/endpoints.go:80.4,80.56 1 1
github.com/fivetime/kubezoo-gateway/pkg/convert/endpoints.go:82.3,82.57 1 1
github.com/fivetime/kubezoo-gateway/pkg/convert/endpoints.go:82.57,84.18 2 1
github.com/fivetime/kubezoo-gateway/pkg/convert/endpoints.go:84.18,86.5 1 0
github.com/fivetime/kubezoo-gateway/pkg/convert/endpoints.go:87.4,87.64 1 1
github.com/fivetime/kubezoo-gateway/pkg/convert/endpoints.go:90.2,90.23 1 1
github.com/fivetime/kubezoo-gateway/pkg/convert/endpointslice.go:36.84,40.2 1 1
github.com/fivetime/kubezoo-gateway/pkg/convert/endpointslice.go:43.105,45.9 2 1
github.com/fivetime/kubezoo-gateway/pkg/convert/endpointslice.go:45.9,47.3 1 0
github.com/fivetime/kubezoo-gateway/pkg/convert/endpointslice.go:49.2,49.41 1 1
github.com/fivetime/kubezoo-gateway/pkg/convert/endpointslice.go:49.41,51.17 2 1
github.com/fivetime/kubezoo-gateway/pkg/convert/endpointslice.go:51.17,53.4 1 0
github.com/fivetime/kubezoo-gateway/pkg/convert/endpointslice.go:54.3,54.48 1 1
github.com/fivetime/kubezoo-gateway/pkg/convert/endpointslice.go:56.2,56.27 1 1
github.com/fivetime/kubezoo-gateway/pkg/convert/endpointslice.go:60.106,62.9 2 1
github.com/fivetime/kubezoo-gateway/pkg/convert/endpointslice.go:62.9,64.3 1 0
github.com/fivetime/kubezoo-gateway/pkg/convert/endpointslice.go:66.2,66.41 1 1
github.com/fivetime/kubezoo-gateway/pkg/convert/endpointslice.go:66.41,68.17 2 1
github.com/fivetime/kubezoo-gateway/pkg/convert/endpointslice.go:68.17,70.4 1 0
github.com/fivetime/kubezoo-gateway/pkg/convert/endpointslice.go:71.3,71.48 1 1
github.com/fivetime/kubezoo-gateway/pkg/convert/endpointslice.go:73.2,73.27 1 1
github.com/fivetime/kubezoo-gateway/pkg/convert/event.go:37.76,41.2 1 1
github.com/fivetime/kubezoo-gateway/pkg/convert/event.go:44.97,46.9 2 1
github.com/fivetime/kubezoo-gateway/pkg/convert/event.go:46.9,48.3 1 0
github.com/fivetime/kubezoo-gateway/pkg/convert/event.go:50.2,51.16 2 1
github.com/fivetime/kubezoo-gateway/pkg/convert/event.go:51.16,53.3 1 0
github.com/fivetime/kubezoo-gateway/pkg/convert/event.go:54.2,55.19 2 1
github.com/fivetime/kubezoo-gateway/pkg/convert/event.go:59.98,61.9 2 1
github.com/fivetime/kubezoo-gateway/pkg/convert/event.go:61.9,63.3 1 0
github.com/fivetime/kubezoo-gateway/pkg/convert/event.go:65.2,66.16 2 1
github.com/fivetime/kubezoo-gateway/pkg/convert/event.go:66.16,68.3 1 0
github.com/fivetime/kubezoo-gateway/pkg/convert/event.go:69.2,71.19 3 1
github.com/fivetime/kubezoo-gateway/pkg/convert/ingress.go:63.70,65.37 2 1
github.com/fivetime/kubezoo-gateway/pkg/convert/ingress.go:65.37,66.56 1 1
github.com/fivetime/kubezoo-gateway/pkg/convert/ingress.go:66.56,68.4 1 1
github.com/fivetime/kubezoo-gateway/pkg/convert/ingress.go:70.2,70.52 1 1
github.com/fivetime/kubezoo-gateway/pkg/convert/ingress.go:74.99,76.9 2 1
github.com/fivetime/kubezoo-gateway/pkg/convert/ingress.go:76.9,78.3 1 0
github.com/fivetime/kubezoo-gateway/pkg/convert/ingress.go:79.2,79.82 1 1
github.com/fivetime/kubezoo-gateway/pkg/convert/ingress.go:79.82,82.3 2 1
github.com/fivetime/kubezoo-gateway/pkg/convert/ingress.go:83.2,83.101 1 1
github.com/fivetime/kubezoo-gateway/pkg/convert/ingress.go:83.101,85.3 1 1
github.com/fivetime/kubezoo-gateway/pkg/convert/ingress.go:86.2,86.21 1 1
github.com/fivetime/kubezoo-gateway/pkg/convert/ingress.go:90.100,92.9 2 1
github.com/fivetime/kubezoo-gateway/pkg/convert/ingress.go:92.9,94.3 1 0
github.com/fivetime/kubezoo-gateway/pkg/convert/ingress.go:95.2,95.82 1 1
github.com/fivetime/kubezoo-gateway/pkg/convert/ingress.go:95.82,98.3 2 1
github.com/fivetime/kubezoo-gateway/pkg/convert/ingress.go:99.2,99.101 1 1
github.com/fivetime/kubezoo-gateway/pkg/convert/ingress.go:99.101,101.3 1 0
github.com/fivetime/kubezoo-gateway/pkg/convert/ingress.go:102.2,102.21 1 1
github.com/fivetime/kubezoo-gateway/pkg/convert/ingress.go:106.72,107.28 1 1
github.com/fivetime/kubezoo-gateway/pkg/convert/ingress.go:107.28,109.3 1 1
github.com/fivetime/kubezoo-gateway/pkg/convert/ingress.go:110.2,110.48 1 1
github.com/fivetime/kubezoo-gateway/pkg/convert/ingress.go:119.70,120.28 1 1
github.com/fivetime/kubezoo-gateway/pkg/convert/ingress.go:120.28,122.3 1 1
github.com/fivetime/kubezoo-gateway/pkg/convert/ingress.go:123.2,123.49 1 1
github.com/fivetime/kubezoo-gateway/pkg/convert/init.go:32.91,156.2 7 1
github.com/fivetime/kubezoo-gateway/pkg/convert/namespace.go:32.54,34.2 1 1
github.com/fivetime/kubezoo-gateway/pkg/convert/namespace.go:36.101,38.9 2 0
github.com/fivetime/kubezoo-gateway/pkg/convert/namespace.go:38.9,40.3 1 0
github.com/fivetime/kubezoo-gateway/pkg/convert/namespace.go:47.2,47.106 1 0
github.com/fivetime/kubezoo-gateway/pkg/convert/namespace.go:47.106,49.3 1 0
github.com/fivetime/kubezoo-gateway/pkg/convert/namespace.go:50.2,50.22 1 0
github.com/fivetime/kubezoo-gateway/pkg/convert/namespace.go:50.22,52.3 1 0
github.com/fivetime/kubezoo-gateway/pkg/convert/namespace.go:53.2,53.77 1 0
github.com/fivetime/kubezoo-gateway/pkg/convert/namespace.go:53.77,55.3 1 0
github.com/fivetime/kubezoo-gateway/pkg/convert/namespace.go:55.8,57.3 1 0
github.com/fivetime/kubezoo-gateway/pkg/convert/namespace.go:58.2,58.16 1 0
github.com/fivetime/kubezoo-gateway/pkg/convert/namespace.go:61.102,63.2 1 0
github.com/fivetime/kubezoo-gateway/pkg/convert/nativeresource.go:36.87,41.2 1 1
github.com/fivetime/kubezoo-gateway/pkg/convert/nativeresource.go:45.136,47.22 2 1
github.com/fivetime/kubezoo-gateway/pkg/convert/nativeresource.go:47.22,49.3 1 1
github.com/fivetime/kubezoo-gateway/pkg/convert/nativeresource.go:50.2,50.88 1 1
github.com/fivetime/kubezoo-gateway/pkg/convert/nativeresource.go:55.136,57.22 2 1
github.com/fivetime/kubezoo-gateway/pkg/convert/nativeresource.go:57.22,59.3 1 1
github.com/fivetime/kubezoo-gateway/pkg/convert/nativeresource.go:60.2,60.88 1 1
github.com/fivetime/kubezoo-gateway/pkg/convert/nope.go:31.48,33.2 1 0
github.com/fivetime/kubezoo-gateway/pkg/convert/nope.go:36.128,38.2 1 0
github.com/fivetime/kubezoo-gateway/pkg/convert/nope.go:41.128,43.2 1 0
github.com/fivetime/kubezoo-gateway/pkg/convert/objectreference.go:43.103,45.2 1 1
github.com/fivetime/kubezoo-gateway/pkg/convert/objectreference.go:48.128,49.15 1 1
github.com/fivetime/kubezoo-gateway/pkg/convert/objectreference.go:49.15,51.3 1 0
github.com/fivetime/kubezoo-gateway/pkg/convert/objectreference.go:52.2,53.16 2 1
github.com/fivetime/kubezoo-gateway/pkg/convert/objectreference.go:53.16,55.3 1 0
github.com/fivetime/kubezoo-gateway/pkg/convert/objectreference.go:57.2,58.16 2 1
github.com/fivetime/kubezoo-gateway/pkg/convert/objectreference.go:58.16,61.29 1 0
github.com/fivetime/kubezoo-gateway/pkg/convert/objectreference.go:61.29,63.4 1 0
github.com/fivetime/kubezoo-gateway/pkg/convert/objectreference.go:63.9,63.31 1 0
github.com/fivetime/kubezoo-gateway/pkg/convert/objectreference.go:63.31,65.4 1 0
github.com/fivetime/kubezoo-gateway/pkg/convert/objectreference.go:66.3,66.17 1 0
github.com/fivetime/kubezoo-gateway/pkg/convert/objectreference.go:68.2,68.38 1 1
github.com/fivetime/kubezoo-gateway/pkg/convert/objectreference.go:68.38,70.3 1 1
github.com/fivetime/kubezoo-gateway/pkg/convert/objectreference.go:71.2,71.42 1 1
github.com/fivetime/kubezoo-gateway/pkg/convert/objectreference.go:71.42,73.3 1 1
github.com/fivetime/kubezoo-gateway/pkg/convert/objectreference.go:74.2,74.52 1 1
github.com/fivetime/kubezoo-gateway/pkg/convert/objectreference.go:74.52,76.3 1 1
github.com/fivetime/kubezoo-gateway/pkg/convert/objectreference.go:77.2,77.16 1 1
github.com/fivetime/kubezoo-gateway/pkg/convert/objectreference.go:81.129,82.15 1 1
github.com/fivetime/kubezoo-gateway/pkg/convert/objectreference.go:82.15,84.3 1 0
github.com/fivetime/kubezoo-gateway/pkg/convert/objectreference.go:85.2,86.16 2 1
github.com/fivetime/kubezoo-gateway/pkg/convert/objectreference.go:86.16,88.3 1 0
github.com/fivetime/kubezoo-gateway/pkg/convert/objectreference.go:90.2,91.16 2 1
github.com/fivetime/kubezoo-gateway/pkg/convert/objectreference.go:91.16,94.29 1 0
github.com/fivetime/kubezoo-gateway/pkg/convert/objectreference.go:94.29,96.4 1 0
github.com/fivetime/kubezoo-gateway/pkg/convert/objectreference.go:96.9,96.31 1 0
github.com/fivetime/kubezoo-gateway/pkg/convert/objectreference.go:96.31,98.4 1 0
github.com/fivetime/kubezoo-gateway/pkg/convert/objectreference.go:99.3,99.17 1 0
github.com/fivetime/kubezoo-gateway/pkg/convert/objectreference.go:101.2,101.42 1 1
github.com/fivetime/kubezoo-gateway/pkg/convert/objectreference.go:101.42,102.49 1 1
github.com/fivetime/kubezoo-gateway/pkg/convert/objectreference.go:102.49,104.4 1 0
github.com/fivetime/kubezoo-gateway/pkg/convert/objectreference.go:105.3,105.65 1 1
github.com/fivetime/kubezoo-gateway/pkg/convert/objectreference.go:108.2,108.38 1 1
github.com/fivetime/kubezoo-gateway/pkg/convert/objectreference.go:108.38,109.44 1 1
github.com/fivetime/kubezoo-gateway/pkg/convert/objectreference.go:109.44,111.4 1 0
github.com/fivetime/kubezoo-gateway/pkg/convert/objectreference.go:112.3,112.55 1 1
github.com/fivetime/kubezoo-gateway/pkg/convert/objectreference.go:115.2,115.52 1 1
github.com/fivetime/kubezoo-gateway/pkg/convert/objectreference.go:115.52,116.50 1 1
github.com/fivetime/kubezoo-gateway/pkg/convert/objectreference.go:116.50,118.4 1 0
github.com/fivetime/kubezoo-gateway/pkg/convert/objectreference.go:119.3,119.67 1 1
github.com/fivetime/kubezoo-gateway/pkg/convert/objectreference.go:121.2,121.16 1 1
github.com/fivetime/kubezoo-gateway/pkg/convert/ownerreference.go:42.101,44.2 1 1
github.com/fivetime/kubezoo-gateway/pkg/convert/ownerreference.go:47.121,48.15 1 1
github.com/fivetime/kubezoo-gateway/pkg/convert/ownerreference.go:48.15,50.3 1 0
github.com/fivetime/kubezoo-gateway/pkg/convert/ownerreference.go:51.2,52.16 2 1
github.com/fivetime/kubezoo-gateway/pkg/convert/ownerreference.go:52.16,54.3 1 0
github.com/fivetime/kubezoo-gateway/pkg/convert/ownerreference.go:56.2,57.16 2 1
github.com/fivetime/kubezoo-gateway/pkg/convert/ownerreference.go:57.16,59.3 1 0
github.com/fivetime/kubezoo-gateway/pkg/convert/ownerreference.go:60.2,60.38 1 1
github.com/fivetime/kubezoo-gateway/pkg/convert/ownerreference.go:60.38,62.3 1 1
github.com/fivetime/kubezoo-gateway/pkg/convert/ownerreference.go:63.2,63.52 1 1
github.com/fivetime/kubezoo-gateway/pkg/convert/ownerreference.go:63.52,65.3 1 0
github.com/fivetime/kubezoo-gateway/pkg/convert/ownerreference.go:66.2,66.16 1 1
github.com/fivetime/kubezoo-gateway/pkg/convert/ownerreference.go:70.122,71.15 1 1
github.com/fivetime/kubezoo-gateway/pkg/convert/ownerreference.go:71.15,73.3 1 0
github.com/fivetime/kubezoo-gateway/pkg/convert/ownerreference.go:74.2,75.16 2 1
github.com/fivetime/kubezoo-gateway/pkg/convert/ownerreference.go:75.16,77.3 1 0
github.com/fivetime/kubezoo-gateway/pkg/convert/ownerreference.go:83.2,84.16 2 1
github.com/fivetime/kubezoo-gateway/pkg/convert/ownerreference.go:84.16,86.3 1 0
github.com/fivetime/kubezoo-gateway/pkg/convert/ownerreference.go:87.2,87.17 1 1
github.com/fivetime/kubezoo-gateway/pkg/convert/ownerreference.go:87.17,92.3 1 1
github.com/fivetime/kubezoo-gateway/pkg/convert/ownerreference.go:93.2,93.25 1 1
github.com/fivetime/kubezoo-gateway/pkg/convert/ownerreference.go:93.25,94.50 1 0
github.com/fivetime/kubezoo-gateway/pkg/convert/ownerreference.go:94.50,96.4 1 0
github.com/fivetime/kubezoo-gateway/pkg/convert/ownerreference.go:97.3,97.67 1 0
github.com/fivetime/kubezoo-gateway/pkg/convert/ownerreference.go:99.2,99.16 1 1
github.com/fivetime/kubezoo-gateway/pkg/convert/pv.go:37.43,39.2 1 1
github.com/fivetime/kubezoo-gateway/pkg/convert/pv.go:42.93,45.9 2 1
github.com/fivetime/kubezoo-gateway/pkg/convert/pv.go:45.9,47.3 1 0
github.com/fivetime/kubezoo-gateway/pkg/convert/pv.go:49.2,49.68 1 1
github.com/fivetime/kubezoo-gateway/pkg/convert/pv.go:49.68,51.3 1 1
github.com/fivetime/kubezoo-gateway/pkg/convert/pv.go:52.2,52.16 1 1
github.com/fivetime/kubezoo-gateway/pkg/convert/pv.go:56.94,58.9 2 1
github.com/fivetime/kubezoo-gateway/pkg/convert/pv.go:58.9,60.3 1 0
github.com/fivetime/kubezoo-gateway/pkg/convert/pv.go:62.2,62.68 1 1
github.com/fivetime/kubezoo-gateway/pkg/convert/pv.go:62.68,63.63 1 1
github.com/fivetime/kubezoo-gateway/pkg/convert/pv.go:63.63,65.4 1 0
github.com/fivetime/kubezoo-gateway/pkg/convert/pv.go:66.3,66.93 1 1
github.com/fivetime/kubezoo-gateway/pkg/convert/pv.go:69.2,69.16 1 1
github.com/fivetime/kubezoo-gateway/pkg/convert/pvc.go:38.44,40.2 1 1
github.com/fivetime/kubezoo-gateway/pkg/convert/pvc.go:43.94,45.9 2 1
github.com/fivetime/kubezoo-gateway/pkg/convert/pvc.go:45.9,47.3 1 0
github.com/fivetime/kubezoo-gateway/pkg/convert/pvc.go:48.2,48.34 1 1
github.com/fivetime/kubezoo-gateway/pkg/convert/pvc.go:48.34,50.3 1 1
github.com/fivetime/kubezoo-gateway/pkg/convert/pvc.go:52.2,52.17 1 1
github.com/fivetime/kubezoo-gateway/pkg/convert/pvc.go:56.95,58.9 2 1
github.com/fivetime/kubezoo-gateway/pkg/convert/pvc.go:58.9,60.3 1 0
github.com/fivetime/kubezoo-gateway/pkg/convert/pvc.go:61.2,61.34 1 1
github.com/fivetime/kubezoo-gateway/pkg/convert/pvc.go:61.34,62.56 1 1
github.com/fivetime/kubezoo-gateway/pkg/convert/pvc.go:62.56,64.4 1 0
github.com/fivetime/kubezoo-gateway/pkg/convert/pvc.go:65.3,65.79 1 1
github.com/fivetime/kubezoo-gateway/pkg/convert/pvc.go:68.2,68.17 1 1
github.com/fivetime/kubezoo-gateway/pkg/convert/role.go:40.78,44.2 1 1
github.com/fivetime/kubezoo-gateway/pkg/convert/role.go:47.96,49.9 2 1
github.com/fivetime/kubezoo-gateway/pkg/convert/role.go:49.9,51.3 1 0
github.com/fivetime/kubezoo-gateway/pkg/convert/role.go:52.2,52.91 1 1
github.com/fivetime/kubezoo-gateway/pkg/convert/role.go:52.91,54.3 1 0
github.com/fivetime/kubezoo-gateway/pkg/convert/role.go:55.2,55.18 1 1
github.com/fivetime/kubezoo-gateway/pkg/convert/role.go:59.97,61.9 2 1
github.com/fivetime/kubezoo-gateway/pkg/convert/role.go:61.9,63.3 1 0
github.com/fivetime/kubezoo-gateway/pkg/convert/role.go:65.2,65.89 1 1
github.com/fivetime/kubezoo-gateway/pkg/convert/role.go:65.89,67.3 1 0
github.com/fivetime/kubezoo-gateway/pkg/convert/role.go:68.2,68.18 1 1
github.com/fivetime/kubezoo-gateway/pkg/convert/role.go:76.133,77.24 1 1
github.com/fivetime/kubezoo-gateway/pkg/convert/role.go:77.24,79.3 1 0
github.com/fivetime/kubezoo-gateway/pkg/convert/role.go:80.2,81.16 2 1
github.com/fivetime/kubezoo-gateway/pkg/convert/role.go:81.16,83.3 1 0
github.com/fivetime/kubezoo-gateway/pkg/convert/role.go:84.2,85.26 2 1
github.com/fivetime/kubezoo-gateway/pkg/convert/role.go:85.26,86.64 1 1
github.com/fivetime/kubezoo-gateway/pkg/convert/role.go:86.64,88.4 1 0
github.com/fivetime/kubezoo-gateway/pkg/convert/role.go:90.2,90.12 1 1
github.com/fivetime/kubezoo-gateway/pkg/convert/role.go:97.118,98.32 1 1
github.com/fivetime/kubezoo-gateway/pkg/convert/role.go:98.32,99.72 1 1
github.com/fivetime/kubezoo-gateway/pkg/convert/role.go:99.72,101.4 1 1
github.com/fivetime/kubezoo-gateway/pkg/convert/role.go:105.2,106.50 2 1
github.com/fivetime/kubezoo-gateway/pkg/convert/role.go:106.50,108.3 1 0
github.com/fivetime/kubezoo-gateway/pkg/convert/role.go:109.2,110.12 2 1
github.com/fivetime/kubezoo-gateway/pkg/convert/role.go:115.116,116.32 1 1
github.com/fivetime/kubezoo-gateway/pkg/convert/role.go:116.32,118.3 1 1
github.com/fivetime/kubezoo-gateway/pkg/convert/role.go:121.2,122.50 2 1
github.com/fivetime/kubezoo-gateway/pkg/convert/role.go:122.50,123.53 1 0
github.com/fivetime/kubezoo-gateway/pkg/convert/role.go:123.53,125.4 1 0
github.com/fivetime/kubezoo-gateway/pkg/convert/role.go:127.2,128.12 2 1
github.com/fivetime/kubezoo-gateway/pkg/convert/rolebinding.go:38.52,40.2 1 1
github.com/fivetime/kubezoo-gateway/pkg/convert/rolebinding.go:43.103,45.9 2 1
github.com/fivetime/kubezoo-gateway/pkg/convert/rolebinding.go:45.9,47.3 1 0
github.com/fivetime/kubezoo-gateway/pkg/convert/rolebinding.go:49.2,49.105 1 1
github.com/fivetime/kubezoo-gateway/pkg/convert/rolebinding.go:49.105,51.3 1 0
github.com/fivetime/kubezoo-gateway/pkg/convert/rolebinding.go:52.2,52.84 1 1
github.com/fivetime/kubezoo-gateway/pkg/convert/rolebinding.go:52.84,54.3 1 1
github.com/fivetime/kubezoo-gateway/pkg/convert/rolebinding.go:55.2,55.25 1 1
github.com/fivetime/kubezoo-gateway/pkg/convert/rolebinding.go:59.104,61.9 2 1
github.com/fivetime/kubezoo-gateway/pkg/convert/rolebinding.go:61.9,63.3 1 0
github.com/fivetime/kubezoo-gateway/pkg/convert/rolebinding.go:65.2,65.103 1 1
github.com/fivetime/kubezoo-gateway/pkg/convert/rolebinding.go:65.103,67.3 1 0
github.com/fivetime/kubezoo-gateway/pkg/convert/rolebinding.go:68.2,68.104 1 1
github.com/fivetime/kubezoo-gateway/pkg/convert/rolebinding.go:68.104,70.3 1 1
github.com/fivetime/kubezoo-gateway/pkg/convert/rolebinding.go:75.2,75.25 1 1
github.com/fivetime/kubezoo-gateway/pkg/convert/rolebinding.go:80.118,81.29 1 1
github.com/fivetime/kubezoo-gateway/pkg/convert/rolebinding.go:81.29,82.62 1 1
github.com/fivetime/kubezoo-gateway/pkg/convert/rolebinding.go:82.62,84.4 1 0
github.com/fivetime/kubezoo-gateway/pkg/convert/rolebinding.go:86.2,86.12 1 1
github.com/fivetime/kubezoo-gateway/pkg/convert/rolebinding.go:93.87,94.22 1 1
github.com/fivetime/kubezoo-gateway/pkg/convert/rolebinding.go:95.29,96.28 1 1
github.com/fivetime/kubezoo-gateway/pkg/convert/rolebinding.go:96.28,98.4 1 1
github.com/fivetime/kubezoo-gateway/pkg/convert/rolebinding.go:99.39,100.33 1 1
github.com/fivetime/kubezoo-gateway/pkg/convert/rolebinding.go:100.33,102.4 1 1
github.com/fivetime/kubezoo-gateway/pkg/convert/rolebinding.go:103.30,126.125 1 1
github.com/fivetime/kubezoo-gateway/pkg/convert/rolebinding.go:126.125,129.4 2 1
github.com/fivetime/kubezoo-gateway/pkg/convert/rolebinding.go:129.9,129.35 1 0
github.com/fivetime/kubezoo-gateway/pkg/convert/rolebinding.go:129.35,131.4 1 0
github.com/fivetime/kubezoo-gateway/pkg/convert/rolebinding.go:133.2,133.12 1 1
github.com/fivetime/kubezoo-gateway/pkg/convert/rolebinding.go:138.85,139.22 1 1
github.com/fivetime/kubezoo-gateway/pkg/convert/rolebinding.go:140.29,141.49 1 1
github.com/fivetime/kubezoo-gateway/pkg/convert/rolebinding.go:141.49,143.4 1 0
github.com/fivetime/kubezoo-gateway/pkg/convert/rolebinding.go:144.3,144.65 1 1
github.com/fivetime/kubezoo-gateway/pkg/convert/rolebinding.go:145.39,146.54 1 1
github.com/fivetime/kubezoo-gateway/pkg/convert/rolebinding.go:146.54,148.4 1 0
github.com/fivetime/kubezoo-gateway/pkg/convert/rolebinding.go:149.3,149.75 1 1
github.com/fivetime/kubezoo-gateway/pkg/convert/rolebinding.go:150.30,151.68 1 1
github.com/fivetime/kubezoo-gateway/pkg/convert/rolebinding.go:151.68,153.47 2 1
github.com/fivetime/kubezoo-gateway/pkg/convert/rolebinding.go:153.47,155.5 1 0
github.com/fivetime/kubezoo-gateway/pkg/convert/rolebinding.go:156.4,156.90 1 1
github.com/fivetime/kubezoo-gateway/pkg/convert/rolebinding.go:157.9,157.55 1 0
github.com/fivetime/kubezoo-gateway/pkg/convert/rolebinding.go:157.55,159.4 1 0
github.com/fivetime/kubezoo-gateway/pkg/convert/rolebinding.go:165.2,165.12 1 1
github.com/fivetime/kubezoo-gateway/pkg/convert/tokenreview.go:36.52,38.2 1 1
github.com/fivetime/kubezoo-gateway/pkg/convert/tokenreview.go:41.103,43.2 1 1
github.com/fivetime/kubezoo-gateway/pkg/convert/tokenreview.go:46.104,48.9 2 1
github.com/fivetime/kubezoo-gateway/pkg/convert/tokenreview.go:48.9,50.3 1 0
github.com/fivetime/kubezoo-gateway/pkg/convert/tokenreview.go:52.2,53.16 2 1
github.com/fivetime/kubezoo-gateway/pkg/convert/tokenreview.go:53.16,56.3 1 0
github.com/fivetime/kubezoo-gateway/pkg/convert/tokenreview.go:57.2,61.48 4 1
github.com/fivetime/kubezoo-gateway/pkg/convert/tokenreview.go:61.48,62.57 1 1
github.com/fivetime/kubezoo-gateway/pkg/convert/tokenreview.go:62.57,64.4 1 1
github.com/fivetime/kubezoo-gateway/pkg/convert/tokenreview.go:66.2,66.25 1 1
github.com/fivetime/kubezoo-gateway/pkg/convert/volumeattachment.go:37.57,39.2 1 1
github.com/fivetime/kubezoo-gateway/pkg/convert/volumeattachment.go:42.108,44.9 2 1
github.com/fivetime/kubezoo-gateway/pkg/convert/volumeattachment.go:44.9,46.3 1 0
github.com/fivetime/kubezoo-gateway/pkg/convert/volumeattachment.go:48.2,48.125 1 1
github.com/fivetime/kubezoo-gateway/pkg/convert/volumeattachment.go:48.125,50.3 1 1
github.com/fivetime/kubezoo-gateway/pkg/convert/volumeattachment.go:51.2,51.30 1 1
github.com/fivetime/kubezoo-gateway/pkg/convert/volumeattachment.go:55.109,57.9 2 1
github.com/fivetime/kubezoo-gateway/pkg/convert/volumeattachment.go:57.9,59.3 1 0
github.com/fivetime/kubezoo-gateway/pkg/convert/volumeattachment.go:61.2,61.125 1 1
github.com/fivetime/kubezoo-gateway/pkg/convert/volumeattachment.go:61.125,62.87 1 1
github.com/fivetime/kubezoo-gateway/pkg/convert/volumeattachment.go:62.87,64.4 1 0
github.com/fivetime/kubezoo-gateway/pkg/convert/volumeattachment.go:65.3,65.141 1 1
github.com/fivetime/kubezoo-gateway/pkg/convert/volumeattachment.go:67.2,67.30 1 1
github.com/fivetime/kubezoo-gateway/pkg/convert/webhookconfiguration.go:65.61,67.2 1 1
github.com/fivetime/kubezoo-gateway/pkg/convert/webhookconfiguration.go:70.112,71.30 1 1
github.com/fivetime/kubezoo-gateway/pkg/convert/webhookconfiguration.go:72.55,73.34 1 1
github.com/fivetime/kubezoo-gateway/pkg/convert/webhookconfiguration.go:73.34,75.88 2 1
github.com/fivetime/kubezoo-gateway/pkg/convert/webhookconfiguration.go:75.88,77.5 1 0
github.com/fivetime/kubezoo-gateway/pkg/convert/webhookconfiguration.go:78.4,79.42 2 1
github.com/fivetime/kubezoo-gateway/pkg/convert/webhookconfiguration.go:81.3,81.21 1 1
github.com/fivetime/kubezoo-gateway/pkg/convert/webhookconfiguration.go:82.57,83.34 1 1
github.com/fivetime/kubezoo-gateway/pkg/convert/webhookconfiguration.go:83.34,85.88 2 1
github.com/fivetime/kubezoo-gateway/pkg/convert/webhookconfiguration.go:85.88,87.5 1 1
github.com/fivetime/kubezoo-gateway/pkg/convert/webhookconfiguration.go:88.4,89.42 2 1
github.com/fivetime/kubezoo-gateway/pkg/convert/webhookconfiguration.go:91.3,91.21 1 1
github.com/fivetime/kubezoo-gateway/pkg/convert/webhookconfiguration.go:92.10,93.116 1 0
github.com/fivetime/kubezoo-gateway/pkg/convert/webhookconfiguration.go:103.113,104.30 1 1
github.com/fivetime/kubezoo-gateway/pkg/convert/webhookconfiguration.go:105.55,106.34 1 0
github.com/fivetime/kubezoo-gateway/pkg/convert/webhookconfiguration.go:106.34,107.123 1 0
github.com/fivetime/kubezoo-gateway/pkg/convert/webhookconfiguration.go:107.123,109.5 1 0
github.com/fivetime/kubezoo-gateway/pkg/convert/webhookconfiguration.go:111.3,111.21 1 0
github.com/fivetime/kubezoo-gateway/pkg/convert/webhookconfiguration.go:112.57,113.34 1 1
github.com/fivetime/kubezoo-gateway/pkg/convert/webhookconfiguration.go:113.34,114.123 1 1
github.com/fivetime/kubezoo-gateway/pkg/convert/webhookconfiguration.go:114.123,116.5 1 1
github.com/fivetime/kubezoo-gateway/pkg/convert/webhookconfiguration.go:118.3,118.21 1 1
github.com/fivetime/kubezoo-gateway/pkg/convert/webhookconfiguration.go:119.10,120.116 1 0
github.com/fivetime/kubezoo-gateway/pkg/convert/webhookconfiguration.go:128.69,132.2 1 1
github.com/fivetime/kubezoo-gateway/pkg/convert/webhookconfiguration.go:136.122,137.29 1 1
github.com/fivetime/kubezoo-gateway/pkg/convert/webhookconfiguration.go:137.29,141.3 1 1
github.com/fivetime/kubezoo-gateway/pkg/convert/webhookconfiguration.go:142.2,142.76 1 1
github.com/fivetime/kubezoo-gateway/pkg/convert/webhookconfiguration.go:142.76,144.3 1 1
github.com/fivetime/kubezoo-gateway/pkg/convert/webhookconfiguration.go:145.2,145.12 1 1
github.com/fivetime/kubezoo-gateway/pkg/convert/webhookconfiguration.go:149.123,150.77 1 1
github.com/fivetime/kubezoo-gateway/pkg/convert/webhookconfiguration.go:150.77,152.3 1 0
github.com/fivetime/kubezoo-gateway/pkg/convert/webhookconfiguration.go:153.2,153.70 1 1
github.com/fivetime/kubezoo-gateway/pkg/convert/webhookconfiguration.go:153.70,156.3 1 1
github.com/fivetime/kubezoo-gateway/pkg/convert/webhookconfiguration.go:157.2,158.12 2 1
github.com/fivetime/kubezoo-gateway/pkg/convert/webhookconfiguration.go:163.82,165.23 2 1
github.com/fivetime/kubezoo-gateway/pkg/convert/webhookconfiguration.go:165.23,167.3 1 1
github.com/fivetime/kubezoo-gateway/pkg/rest/etcd.go:34.91,38.34 2 0
github.com/fivetime/kubezoo-gateway/pkg/rest/etcd.go:38.34,38.63 1 0
github.com/fivetime/kubezoo-gateway/pkg/rest/etcd.go:40.51,40.84 1 0
github.com/fivetime/kubezoo-gateway/pkg/rest/etcd.go:54.2,55.59 2 0
github.com/fivetime/kubezoo-gateway/pkg/rest/etcd.go:55.59,57.3 1 0
github.com/fivetime/kubezoo-gateway/pkg/rest/etcd.go:58.2,58.26 1 0
github.com/fivetime/kubezoo-gateway/pkg/rest/storage_rest.go:34.53,36.2 1 0
github.com/fivetime/kubezoo-gateway/pkg/rest/storage_rest.go:39.192,44.89 2 0
github.com/fivetime/kubezoo-gateway/pkg/rest/storage_rest.go:44.89,46.17 2 0
github.com/fivetime/kubezoo-gateway/pkg/rest/storage_rest.go:46.17,48.4 1 0
github.com/fivetime/kubezoo-gateway/pkg/rest/storage_rest.go:49.3,49.82 1 0
github.com/fivetime/kubezoo-gateway/pkg/rest/storage_rest.go:52.2,52.26 1 0
github.com/fivetime/kubezoo-gateway/pkg/rest/storage_rest.go:61.124,63.16 2 0
github.com/fivetime/kubezoo-gateway/pkg/rest/storage_rest.go:63.16,65.3 1 0
github.com/fivetime/kubezoo-gateway/pkg/rest/storage_rest.go:66.2,66.63 1 0
github.com/fivetime/kubezoo-gateway/pkg/rest/storage_rest.go:70.49,72.2 1 0
github.com/fivetime/kubezoo-gateway/pkg/rest/strategy.go:37.60,39.2 1 0
github.com/fivetime/kubezoo-gateway/pkg/rest/strategy.go:42.67,44.9 2 0
github.com/fivetime/kubezoo-gateway/pkg/rest/strategy.go:44.9,46.3 1 0
github.com/fivetime/kubezoo-gateway/pkg/rest/strategy.go:47.2,47.82 1 0
github.com/fivetime/kubezoo-gateway/pkg/rest/strategy.go:51.62,53.2 1 0
github.com/fivetime/kubezoo-gateway/pkg/rest/strategy.go:57.91,63.2 1 0
github.com/fivetime/kubezoo-gateway/pkg/rest/strategy.go:70.46,72.2 1 0
github.com/fivetime/kubezoo-gateway/pkg/rest/strategy.go:74.81,77.2 2 0
github.com/fivetime/kubezoo-gateway/pkg/rest/strategy.go:79.86,83.69 3 0
github.com/fivetime/kubezoo-gateway/pkg/rest/strategy.go:83.69,85.3 1 0
github.com/fivetime/kubezoo-gateway/pkg/rest/strategy.go:88.89,91.16 3 0
github.com/fivetime/kubezoo-gateway/pkg/rest/strategy.go:91.16,98.3 1 0
github.com/fivetime/kubezoo-gateway/pkg/rest/strategy.go:100.2,100.51 1 0
github.com/fivetime/kubezoo-gateway/pkg/rest/strategy.go:111.86,112.23 1 1
github.com/fivetime/kubezoo-gateway/pkg/rest/strategy.go:112.23,114.3 1 1
github.com/fivetime/kubezoo-gateway/pkg/rest/strategy.go:115.2,115.25 1 1
github.com/fivetime/kubezoo-gateway/pkg/rest/strategy.go:116.74,117.13 1 1
github.com/fivetime/kubezoo-gateway/pkg/rest/strategy.go:119.2,123.4 1 1
github.com/fivetime/kubezoo-gateway/pkg/rest/strategy.go:127.90,127.104 1 0
github.com/fivetime/kubezoo-gateway/pkg/rest/strategy.go:129.50,131.2 1 0
github.com/fivetime/kubezoo-gateway/pkg/rest/strategy.go:133.55,135.2 1 0
github.com/fivetime/kubezoo-gateway/pkg/rest/strategy.go:137.57,138.2 0 0
github.com/fivetime/kubezoo-gateway/pkg/rest/strategy.go:140.100,144.2 1 0
github.com/fivetime/kubezoo-gateway/pkg/rest/strategy.go:147.95,149.2 1 0
github.com/fivetime/kubezoo-gateway/pkg/filters/apply.go:32.56,33.73 1 0
github.com/fivetime/kubezoo-gateway/pkg/filters/apply.go:33.73,34.79 1 0
github.com/fivetime/kubezoo-gateway/pkg/filters/apply.go:34.79,36.4 1 0
github.com/fivetime/kubezoo-gateway/pkg/filters/apply.go:37.3,37.28 1 0
github.com/fivetime/kubezoo-gateway/pkg/filters/discovery.go:39.97,40.71 1 1
github.com/fivetime/kubezoo-gateway/pkg/filters/discovery.go:40.71,43.57 3 1
github.com/fivetime/kubezoo-gateway/pkg/filters/discovery.go:43.57,46.4 2 0
github.com/fivetime/kubezoo-gateway/pkg/filters/discovery.go:48.3,50.69 3 1
github.com/fivetime/kubezoo-gateway/pkg/filters/discovery.go:50.69,52.4 1 1
github.com/fivetime/kubezoo-gateway/pkg/filters/discovery.go:53.3,53.44 1 1
github.com/fivetime/kubezoo-gateway/pkg/filters/discovery.go:53.44,56.18 2 1
github.com/fivetime/kubezoo-gateway/pkg/filters/discovery.go:56.18,59.5 2 0
github.com/fivetime/kubezoo-gateway/pkg/filters/discovery.go:60.4,61.10 2 1
github.com/fivetime/kubezoo-gateway/pkg/filters/discovery.go:62.9,62.51 1 1
github.com/fivetime/kubezoo-gateway/pkg/filters/discovery.go:62.51,65.18 2 1
github.com/fivetime/kubezoo-gateway/pkg/filters/discovery.go:65.18,68.5 2 0
github.com/fivetime/kubezoo-gateway/pkg/filters/discovery.go:69.4,70.10 2 1
github.com/fivetime/kubezoo-gateway/pkg/filters/discovery.go:71.9,71.51 1 1
github.com/fivetime/kubezoo-gateway/pkg/filters/discovery.go:71.51,74.18 2 1
github.com/fivetime/kubezoo-gateway/pkg/filters/discovery.go:74.18,77.5 2 0
github.com/fivetime/kubezoo-gateway/pkg/filters/discovery.go:78.4,79.10 2 1
github.com/fivetime/kubezoo-gateway/pkg/filters/discovery.go:80.9,80.54 1 0
github.com/fivetime/kubezoo-gateway/pkg/filters/discovery.go:80.54,83.18 2 0
github.com/fivetime/kubezoo-gateway/pkg/filters/discovery.go:83.18,86.5 2 0
github.com/fivetime/kubezoo-gateway/pkg/filters/discovery.go:87.4,88.10 2 0
github.com/fivetime/kubezoo-gateway/pkg/filters/discovery.go:89.9,89.67 1 0
github.com/fivetime/kubezoo-gateway/pkg/filters/discovery.go:89.67,90.49 1 0
github.com/fivetime/kubezoo-gateway/pkg/filters/discovery.go:90.49,92.19 2 0
github.com/fivetime/kubezoo-gateway/pkg/filters/discovery.go:92.19,95.6 2 0
github.com/fivetime/kubezoo-gateway/pkg/filters/discovery.go:96.5,98.19 3 0
github.com/fivetime/kubezoo-gateway/pkg/filters/discovery.go:98.19,101.6 2 0
github.com/fivetime/kubezoo-gateway/pkg/filters/discovery.go:102.5,103.19 2 0
github.com/fivetime/kubezoo-gateway/pkg/filters/discovery.go:103.19,106.6 2 0
github.com/fivetime/kubezoo-gateway/pkg/filters/discovery.go:107.5,107.57 1 0
github.com/fivetime/kubezoo-gateway/pkg/filters/discovery.go:107.57,110.6 2 0
github.com/fivetime/kubezoo-gateway/pkg/filters/discovery.go:112.5,113.19 2 0
github.com/fivetime/kubezoo-gateway/pkg/filters/discovery.go:113.19,116.6 2 0
github.com/fivetime/kubezoo-gateway/pkg/filters/discovery.go:117.5,117.45 1 0
github.com/fivetime/kubezoo-gateway/pkg/filters/discovery.go:117.45,119.6 1 0
github.com/fivetime/kubezoo-gateway/pkg/filters/discovery.go:120.5,120.11 1 0
github.com/fivetime/kubezoo-gateway/pkg/filters/discovery.go:123.4,124.18 2 0
github.com/fivetime/kubezoo-gateway/pkg/filters/discovery.go:124.18,127.5 2 0
github.com/fivetime/kubezoo-gateway/pkg/filters/discovery.go:128.4,129.18 2 0
github.com/fivetime/kubezoo-gateway/pkg/filters/discovery.go:129.18,132.5 2 0
github.com/fivetime/kubezoo-gateway/pkg/filters/discovery.go:133.4,134.18 2 0
github.com/fivetime/kubezoo-gateway/pkg/filters/discovery.go:134.18,137.5 2 0
github.com/fivetime/kubezoo-gateway/pkg/filters/discovery.go:138.4,138.47 1 0
github.com/fivetime/kubezoo-gateway/pkg/filters/discovery.go:138.47,140.5 1 0
github.com/fivetime/kubezoo-gateway/pkg/filters/discovery.go:141.4,141.10 1 0
github.com/fivetime/kubezoo-gateway/pkg/filters/discovery.go:147.63,148.16 1 0
github.com/fivetime/kubezoo-gateway/pkg/filters/discovery.go:148.16,150.3 1 0
github.com/fivetime/kubezoo-gateway/pkg/filters/discovery.go:151.2,154.40 4 0
github.com/fivetime/kubezoo-gateway/pkg/filters/discovery.go:154.40,156.3 1 0
github.com/fivetime/kubezoo-gateway/pkg/filters/discovery.go:157.2,158.48 2 0
github.com/fivetime/kubezoo-gateway/pkg/filters/discovery.go:158.48,160.3 1 0
github.com/fivetime/kubezoo-gateway/pkg/filters/discovery.go:165.57,167.16 2 1
github.com/fivetime/kubezoo-gateway/pkg/filters/discovery.go:167.16,170.3 2 0
github.com/fivetime/kubezoo-gateway/pkg/filters/discovery.go:171.2,171.39 1 1
github.com/fivetime/kubezoo-gateway/pkg/filters/discovery.go:171.39,173.3 1 0
github.com/fivetime/kubezoo-gateway/pkg/filters/discovery.go:177.64,178.94 1 1
github.com/fivetime/kubezoo-gateway/pkg/filters/discovery.go:178.94,180.3 1 0
github.com/fivetime/kubezoo-gateway/pkg/filters/discovery.go:182.2,182.50 1 1
github.com/fivetime/kubezoo-gateway/pkg/filters/discovery.go:182.50,184.3 1 1
github.com/fivetime/kubezoo-gateway/pkg/filters/discovery.go:188.2,188.94 1 1
github.com/fivetime/kubezoo-gateway/pkg/filters/discovery.go:188.94,190.3 1 1
github.com/fivetime/kubezoo-gateway/pkg/filters/discovery.go:191.2,191.26 1 0
github.com/fivetime/kubezoo-gateway/pkg/filters/discovery.go:192.57,193.14 1 0
github.com/fivetime/kubezoo-gateway/pkg/filters/discovery.go:195.2,195.14 1 0
github.com/fivetime/kubezoo-gateway/pkg/filters/openapiv2.go:50.67,52.55 2 1
github.com/fivetime/kubezoo-gateway/pkg/filters/openapiv2.go:52.55,54.3 1 0
github.com/fivetime/kubezoo-gateway/pkg/filters/openapiv2.go:55.2,59.16 4 1
github.com/fivetime/kubezoo-gateway/pkg/filters/openapiv2.go:59.16,61.3 1 0
github.com/fivetime/kubezoo-gateway/pkg/filters/openapiv2.go:62.2,62.76 1 1
github.com/fivetime/kubezoo-gateway/pkg/filters/openapiv2.go:67.91,69.9 2 1
github.com/fivetime/kubezoo-gateway/pkg/filters/openapiv2.go:69.9,71.3 1 0
github.com/fivetime/kubezoo-gateway/pkg/filters/openapiv2.go:72.2,72.27 1 1
github.com/fivetime/kubezoo-gateway/pkg/filters/openapiv2.go:72.27,73.52 1 1
github.com/fivetime/kubezoo-gateway/pkg/filters/openapiv2.go:73.52,75.4 1 1
github.com/fivetime/kubezoo-gateway/pkg/filters/openapiv2.go:81.63,82.56 1 1
github.com/fivetime/kubezoo-gateway/pkg/filters/openapiv2.go:82.56,84.30 2 1
github.com/fivetime/kubezoo-gateway/pkg/filters/openapiv2.go:84.30,86.4 1 1
github.com/fivetime/kubezoo-gateway/pkg/filters/openapiv2.go:88.2,88.13 1 1
github.com/fivetime/kubezoo-gateway/pkg/filters/openapiv2.go:100.52,101.82 1 1
github.com/fivetime/kubezoo-gateway/pkg/filters/openapiv2.go:101.82,103.3 1 1
github.com/fivetime/kubezoo-gateway/pkg/filters/openapiv2.go:104.2,105.43 2 1
github.com/fivetime/kubezoo-gateway/pkg/filters/openapiv2.go:105.43,107.3 1 0
github.com/fivetime/kubezoo-gateway/pkg/filters/openapiv2.go:108.2,108.20 1 1
github.com/fivetime/kubezoo-gateway/pkg/filters/openapiv2.go:118.77,119.16 1 0
github.com/fivetime/kubezoo-gateway/pkg/filters/openapiv2.go:119.16,121.3 1 0
github.com/fivetime/kubezoo-gateway/pkg/filters/openapiv2.go:122.2,122.22 1 0
github.com/fivetime/kubezoo-gateway/pkg/filters/openapiv2.go:122.22,124.39 2 0
github.com/fivetime/kubezoo-gateway/pkg/filters/openapiv2.go:124.39,125.52 1 0
github.com/fivetime/kubezoo-gateway/pkg/filters/openapiv2.go:125.52,127.5 1 0
github.com/fivetime/kubezoo-gateway/pkg/filters/openapiv2.go:129.3,129.24 1 0
github.com/fivetime/kubezoo-gateway/pkg/filters/openapiv2.go:131.2,131.28 1 0
github.com/fivetime/kubezoo-gateway/pkg/filters/openapiv2.go:131.28,133.67 2 0
github.com/fivetime/kubezoo-gateway/pkg/filters/openapiv2.go:133.67,134.58 1 0
github.com/fivetime/kubezoo-gateway/pkg/filters/openapiv2.go:134.58,136.5 1 0
github.com/fivetime/kubezoo-gateway/pkg/filters/openapiv2.go:138.3,138.46 1 0
github.com/fivetime/kubezoo-gateway/pkg/filters/openapiv3.go:50.67,51.9 1 1
github.com/fivetime/kubezoo-gateway/pkg/filters/openapiv3.go:52.31,54.14 2 1
github.com/fivetime/kubezoo-gateway/pkg/filters/openapiv3.go:55.52,58.14 2 1
github.com/fivetime/kubezoo-gateway/pkg/filters/openapiv3.go:60.2,60.14 1 1
github.com/fivetime/kubezoo-gateway/pkg/filters/openapiv3.go:66.56,68.33 2 1
github.com/fivetime/kubezoo-gateway/pkg/filters/openapiv3.go:68.33,71.3 2 0
github.com/fivetime/kubezoo-gateway/pkg/filters/openapiv3.go:73.2,74.16 2 1
github.com/fivetime/kubezoo-gateway/pkg/filters/openapiv3.go:74.16,82.3 3 1
github.com/fivetime/kubezoo-gateway/pkg/filters/openapiv3.go:84.2,85.16 2 1
github.com/fivetime/kubezoo-gateway/pkg/filters/openapiv3.go:85.16,88.3 2 0
github.com/fivetime/kubezoo-gateway/pkg/filters/openapiv3.go:89.2,90.43 2 1
github.com/fivetime/kubezoo-gateway/pkg/filters/openapiv3.go:90.43,92.3 1 0
github.com/fivetime/kubezoo-gateway/pkg/filters/openapiv3.go:98.74,100.9 2 1
github.com/fivetime/kubezoo-gateway/pkg/filters/openapiv3.go:100.9,103.3 2 1
github.com/fivetime/kubezoo-gateway/pkg/filters/openapiv3.go:105.2,108.16 3 1
github.com/fivetime/kubezoo-gateway/pkg/filters/openapiv3.go:108.16,111.3 2 0
github.com/fivetime/kubezoo-gateway/pkg/filters/openapiv3.go:113.2,114.74 2 1
github.com/fivetime/kubezoo-gateway/pkg/filters/openapiv3.go:114.74,116.3 1 0
github.com/fivetime/kubezoo-gateway/pkg/filters/openapiv3.go:122.68,124.43 2 1
github.com/fivetime/kubezoo-gateway/pkg/filters/openapiv3.go:124.43,126.3 1 1
github.com/fivetime/kubezoo-gateway/pkg/filters/openapiv3.go:127.2,127.37 1 1
github.com/fivetime/kubezoo-gateway/pkg/filters/openapiv3.go:127.37,129.3 1 1
github.com/fivetime/kubezoo-gateway/pkg/filters/openapiv3.go:130.2,130.23 1 1
github.com/fivetime/kubezoo-gateway/pkg/filters/openapiv3.go:138.81,140.55 2 1
github.com/fivetime/kubezoo-gateway/pkg/filters/openapiv3.go:140.55,142.3 1 0
github.com/fivetime/kubezoo-gateway/pkg/filters/openapiv3.go:143.2,143.65 1 1
github.com/fivetime/kubezoo-gateway/pkg/filters/openapiv3.go:143.65,145.3 1 0
github.com/fivetime/kubezoo-gateway/pkg/filters/openapiv3.go:147.2,148.21 2 1
github.com/fivetime/kubezoo-gateway/pkg/filters/openapiv3.go:148.21,151.3 2 0
github.com/fivetime/kubezoo-gateway/pkg/filters/openapiv3.go:152.2,154.40 2 1
github.com/fivetime/kubezoo-gateway/pkg/filters/openapiv3.go:154.40,155.39 1 1
github.com/fivetime/kubezoo-gateway/pkg/filters/openapiv3.go:155.39,156.12 1 1
github.com/fivetime/kubezoo-gateway/pkg/filters/openapiv3.go:158.3,159.17 2 1
github.com/fivetime/kubezoo-gateway/pkg/filters/openapiv3.go:159.17,161.4 1 0
github.com/fivetime/kubezoo-gateway/pkg/filters/openapiv3.go:162.3,163.91 2 1
github.com/fivetime/kubezoo-gateway/pkg/filters/openapiv3.go:163.91,165.4 1 0
github.com/fivetime/kubezoo-gateway/pkg/filters/openapiv3.go:166.3,166.65 1 1
github.com/fivetime/kubezoo-gateway/pkg/filters/openapiv3.go:168.2,168.31 1 1
github.com/fivetime/kubezoo-gateway/pkg/filters/openapiv3.go:174.50,175.50 1 1
github.com/fivetime/kubezoo-gateway/pkg/filters/openapiv3.go:175.50,176.47 1 1
github.com/fivetime/kubezoo-gateway/pkg/filters/openapiv3.go:176.47,178.4 1 1
github.com/fivetime/kubezoo-gateway/pkg/filters/openapiv3.go:180.2,180.14 1 1
github.com/fivetime/kubezoo-gateway/pkg/filters/openapiv3.go:189.65,191.2 1 1
github.com/fivetime/kubezoo-gateway/pkg/filters/recorder.go:41.46,47.2 1 1
github.com/fivetime/kubezoo-gateway/pkg/filters/recorder.go:49.49,49.68 1 0
github.com/fivetime/kubezoo-gateway/pkg/filters/recorder.go:51.57,51.83 1 1
github.com/fivetime/kubezoo-gateway/pkg/filters/recorder.go:53.52,53.73 1 0
github.com/fivetime/kubezoo-gateway/pkg/filters/recorder.go:57.58,58.37 1 1
github.com/fivetime/kubezoo-gateway/pkg/filters/recorder.go:58.37,59.32 1 0
github.com/fivetime/kubezoo-gateway/pkg/filters/recorder.go:59.32,61.4 1 0
github.com/fivetime/kubezoo-gateway/pkg/filters/recorder.go:63.2,64.51 2 1
github.com/fivetime/kubezoo-gateway/pkg/filters/recorder.go:64.51,66.3 1 0
github.com/fivetime/kubezoo-gateway/pkg/filters/recorder.go:69.78,73.2 3 1
github.com/fivetime/kubezoo-gateway/pkg/filters/suspension.go:47.97,48.73 1 0
github.com/fivetime/kubezoo-gateway/pkg/filters/suspension.go:48.73,50.24 2 0
github.com/fivetime/kubezoo-gateway/pkg/filters/suspension.go:50.24,53.4 2 0
github.com/fivetime/kubezoo-gateway/pkg/filters/suspension.go:54.3,55.10 2 0
github.com/fivetime/kubezoo-gateway/pkg/filters/suspension.go:55.10,58.4 2 0
github.com/fivetime/kubezoo-gateway/pkg/filters/suspension.go:59.3,59.59 1 0
github.com/fivetime/kubezoo-gateway/pkg/filters/suspension.go:59.59,62.4 2 0
github.com/fivetime/kubezoo-gateway/pkg/filters/suspension.go:63.3,63.34 1 0
github.com/fivetime/kubezoo-gateway/pkg/filters/suspension.go:75.117,77.20 2 0
github.com/fivetime/kubezoo-gateway/pkg/filters/suspension.go:77.20,79.3 1 0
github.com/fivetime/kubezoo-gateway/pkg/filters/suspension.go:80.2,81.16 2 0
github.com/fivetime/kubezoo-gateway/pkg/filters/suspension.go:81.16,82.33 1 0
github.com/fivetime/kubezoo-gateway/pkg/filters/suspension.go:82.33,85.4 1 0
github.com/fivetime/kubezoo-gateway/pkg/filters/suspension.go:86.3,86.23 1 0
github.com/fivetime/kubezoo-gateway/pkg/filters/suspension.go:88.2,88.41 1 0
github.com/fivetime/kubezoo-gateway/pkg/filters/suspension.go:92.110,97.36 1 1
github.com/fivetime/kubezoo-gateway/pkg/filters/suspension.go:97.36,99.3 1 1
github.com/fivetime/kubezoo-gateway/pkg/filters/suspension.go:101.2,101.47 1 1
github.com/fivetime/kubezoo-gateway/pkg/filters/suspension.go:101.47,108.3 1 1
github.com/fivetime/kubezoo-gateway/pkg/filters/suspension.go:111.2,111.33 1 1
github.com/fivetime/kubezoo-gateway/pkg/filters/suspension.go:112.39,115.15 1 1
github.com/fivetime/kubezoo-gateway/pkg/filters/suspension.go:116.15,119.15 1 1
github.com/fivetime/kubezoo-gateway/pkg/filters/suspension.go:122.2,122.26 1 1
github.com/fivetime/kubezoo-gateway/pkg/filters/suspension.go:123.30,124.14 1 1
github.com/fivetime/kubezoo-gateway/pkg/filters/suspension.go:125.16,129.56 1 1
github.com/fivetime/kubezoo-gateway/pkg/filters/suspension.go:130.10,131.15 1 1
github.com/fivetime/kubezoo-gateway/pkg/filters/suspension.go:135.98,137.25 2 0
github.com/fivetime/kubezoo-gateway/pkg/filters/suspension.go:138.41,140.74 1 0
github.com/fivetime/kubezoo-gateway/pkg/filters/suspension.go:141.39,143.50 1 0
github.com/fivetime/kubezoo-gateway/pkg/filters/suspension.go:144.10,146.20 1 0
github.com/fivetime/kubezoo-gateway/pkg/filters/suspension.go:148.2,148.29 1 0
github.com/fivetime/kubezoo-gateway/pkg/filters/suspension.go:148.29,150.3 1 0
github.com/fivetime/kubezoo-gateway/pkg/filters/suspension.go:151.2,161.16 4 0
github.com/fivetime/kubezoo-gateway/pkg/filters/suspension.go:161.16,164.3 2 0
github.com/fivetime/kubezoo-gateway/pkg/filters/suspension.go:165.2,167.41 3 0
github.com/fivetime/kubezoo-gateway/pkg/filters/suspension.go:167.41,169.3 1 0
github.com/fivetime/kubezoo-gateway/pkg/filters/tenant.go:30.56,31.73 1 1
github.com/fivetime/kubezoo-gateway/pkg/filters/tenant.go:31.73,33.10 2 1
github.com/fivetime/kubezoo-gateway/pkg/filters/tenant.go:33.10,37.4 3 0
github.com/fivetime/kubezoo-gateway/pkg/filters/tenant.go:39.3,40.17 2 1
github.com/fivetime/kubezoo-gateway/pkg/filters/tenant.go:40.17,44.4 2 0
github.com/fivetime/kubezoo-gateway/pkg/filters/tenant.go:45.3,46.17 2 1
github.com/fivetime/kubezoo-gateway/pkg/filters/tenant.go:46.17,50.4 3 0
github.com/fivetime/kubezoo-gateway/pkg/filters/tenant.go:52.3,53.28 2 1
github.com/fivetime/kubezoo-gateway/pkg/proxy/apply.go:61.90,64.12 2 1
github.com/fivetime/kubezoo-gateway/pkg/proxy/apply.go:64.12,66.3 1 1
github.com/fivetime/kubezoo-gateway/pkg/proxy/apply.go:67.2,67.29 1 0
github.com/fivetime/kubezoo-gateway/pkg/proxy/apply.go:67.29,71.3 1 0
github.com/fivetime/kubezoo-gateway/pkg/proxy/apply.go:73.2,74.71 2 0
github.com/fivetime/kubezoo-gateway/pkg/proxy/apply.go:74.71,76.3 1 0
github.com/fivetime/kubezoo-gateway/pkg/proxy/apply.go:80.2,84.16 4 0
github.com/fivetime/kubezoo-gateway/pkg/proxy/apply.go:84.16,89.17 2 0
github.com/fivetime/kubezoo-gateway/pkg/proxy/apply.go:89.17,92.4 2 0
github.com/fivetime/kubezoo-gateway/pkg/proxy/apply.go:94.2,95.9 2 0
github.com/fivetime/kubezoo-gateway/pkg/proxy/apply.go:95.9,97.3 1 0
github.com/fivetime/kubezoo-gateway/pkg/proxy/apply.go:102.2,106.59 5 0
github.com/fivetime/kubezoo-gateway/pkg/proxy/apply.go:106.59,108.3 1 0
github.com/fivetime/kubezoo-gateway/pkg/proxy/apply.go:110.2,111.16 2 0
github.com/fivetime/kubezoo-gateway/pkg/proxy/apply.go:111.16,113.3 1 0
github.com/fivetime/kubezoo-gateway/pkg/proxy/apply.go:115.2,116.16 2 0
github.com/fivetime/kubezoo-gateway/pkg/proxy/apply.go:116.16,118.3 1 0
github.com/fivetime/kubezoo-gateway/pkg/proxy/apply.go:119.2,120.46 2 0
github.com/fivetime/kubezoo-gateway/pkg/proxy/apply.go:120.46,122.3 1 0
github.com/fivetime/kubezoo-gateway/pkg/proxy/apply.go:123.2,124.16 2 0
github.com/fivetime/kubezoo-gateway/pkg/proxy/apply.go:124.16,126.3 1 0
github.com/fivetime/kubezoo-gateway/pkg/proxy/apply.go:127.2,127.21 1 0
github.com/fivetime/kubezoo-gateway/pkg/proxy/apply.go:134.104,135.24 1 1
github.com/fivetime/kubezoo-gateway/pkg/proxy/apply.go:135.24,137.3 1 1
github.com/fivetime/kubezoo-gateway/pkg/proxy/apply.go:138.2,138.47 1 0
github.com/fivetime/kubezoo-gateway/pkg/proxy/apply.go:138.47,142.26 1 0
github.com/fivetime/kubezoo-gateway/pkg/proxy/apply.go:142.26,144.4 1 0
github.com/fivetime/kubezoo-gateway/pkg/proxy/apply.go:146.2,146.43 1 0
github.com/fivetime/kubezoo-gateway/pkg/proxy/connecterproxy.go:51.48,53.2 1 0
github.com/fivetime/kubezoo-gateway/pkg/proxy/connecterproxy.go:56.131,58.73 1 0
github.com/fivetime/kubezoo-gateway/pkg/proxy/connecterproxy.go:58.73,60.10 2 0
github.com/fivetime/kubezoo-gateway/pkg/proxy/connecterproxy.go:60.10,63.4 2 0
github.com/fivetime/kubezoo-gateway/pkg/proxy/connecterproxy.go:67.3,68.38 1 0
github.com/fivetime/kubezoo-gateway/pkg/proxy/connecterproxy.go:68.38,72.4 2 0
github.com/fivetime/kubezoo-gateway/pkg/proxy/connecterproxy.go:74.3,74.21 1 0
github.com/fivetime/kubezoo-gateway/pkg/proxy/connecterproxy.go:79.77,82.9 2 0
github.com/fivetime/kubezoo-gateway/pkg/proxy/connecterproxy.go:82.9,85.3 2 0
github.com/fivetime/kubezoo-gateway/pkg/proxy/connecterproxy.go:87.2,88.9 2 0
github.com/fivetime/kubezoo-gateway/pkg/proxy/connecterproxy.go:88.9,91.3 2 0
github.com/fivetime/kubezoo-gateway/pkg/proxy/connecterproxy.go:92.2,97.26 4 0
github.com/fivetime/kubezoo-gateway/pkg/proxy/connecterproxy.go:97.26,98.41 1 0
github.com/fivetime/kubezoo-gateway/pkg/proxy/connecterproxy.go:98.41,101.9 3 0
github.com/fivetime/kubezoo-gateway/pkg/proxy/connecterproxy.go:104.2,104.27 1 0
github.com/fivetime/kubezoo-gateway/pkg/proxy/connecterproxy.go:104.27,108.3 2 0
github.com/fivetime/kubezoo-gateway/pkg/proxy/connecterproxy.go:109.2,119.23 5 0
github.com/fivetime/kubezoo-gateway/pkg/proxy/connecterproxy.go:119.23,121.3 1 0
github.com/fivetime/kubezoo-gateway/pkg/proxy/connecterproxy.go:122.2,146.33 5 0
github.com/fivetime/kubezoo-gateway/pkg/proxy/connecterproxy.go:160.57,164.2 3 0
github.com/fivetime/kubezoo-gateway/pkg/proxy/connecterproxy.go:167.64,168.20 1 0
github.com/fivetime/kubezoo-gateway/pkg/proxy/connecterproxy.go:168.20,170.3 1 0
github.com/fivetime/kubezoo-gateway/pkg/proxy/connecterproxy.go:171.2,173.15 3 0
github.com/fivetime/kubezoo-gateway/pkg/proxy/connecterproxy.go:179.64,181.2 1 0
github.com/fivetime/kubezoo-gateway/pkg/proxy/connecterproxy.go:184.48,186.2 1 0
github.com/fivetime/kubezoo-gateway/pkg/proxy/connecterproxy.go:189.55,191.2 1 0
github.com/fivetime/kubezoo-gateway/pkg/proxy/connecterproxy.go:199.78,201.2 1 0
github.com/fivetime/kubezoo-gateway/pkg/proxy/connecterproxy.go:203.78,205.2 1 0
github.com/fivetime/kubezoo-gateway/pkg/proxy/connecterproxy.go:207.53,209.2 1 0
github.com/fivetime/kubezoo-gateway/pkg/proxy/connecterproxy.go:213.38,213.39 0 0
github.com/fivetime/kubezoo-gateway/pkg/proxy/connecterproxy.go:215.100,220.2 1 0
github.com/fivetime/kubezoo-gateway/pkg/proxy/crbprojection.go:93.92,98.40 5 0
github.com/fivetime/kubezoo-gateway/pkg/proxy/crbprojection.go:98.40,98.70 1 0
github.com/fivetime/kubezoo-gateway/pkg/proxy/crbprojection.go:99.2,99.44 1 0
github.com/fivetime/kubezoo-gateway/pkg/proxy/crbprojection.go:99.44,99.78 1 0
github.com/fivetime/kubezoo-gateway/pkg/proxy/crbprojection.go:100.2,103.16 3 0
github.com/fivetime/kubezoo-gateway/pkg/proxy/crbprojection.go:103.16,105.3 1 0
github.com/fivetime/kubezoo-gateway/pkg/proxy/crbprojection.go:106.2,107.9 2 0
github.com/fivetime/kubezoo-gateway/pkg/proxy/crbprojection.go:107.9,109.3 1 0
github.com/fivetime/kubezoo-gateway/pkg/proxy/crbprojection.go:112.2,115.27 3 0
github.com/fivetime/kubezoo-gateway/pkg/proxy/crbprojection.go:115.27,117.3 1 0
github.com/fivetime/kubezoo-gateway/pkg/proxy/crbprojection.go:118.2,124.8 1 0
github.com/fivetime/kubezoo-gateway/pkg/proxy/crbprojection.go:127.65,127.87 1 0
github.com/fivetime/kubezoo-gateway/pkg/proxy/crbprojection.go:128.65,128.91 1 0
github.com/fivetime/kubezoo-gateway/pkg/proxy/crbprojection.go:129.66,129.67 0 0
github.com/fivetime/kubezoo-gateway/pkg/proxy/crbprojection.go:130.65,130.81 1 0
github.com/fivetime/kubezoo-gateway/pkg/proxy/crbprojection.go:131.65,131.96 1 0
github.com/fivetime/kubezoo-gateway/pkg/proxy/crbprojection.go:132.65,132.79 1 0
github.com/fivetime/kubezoo-gateway/pkg/proxy/crbprojection.go:134.115,136.2 1 0
github.com/fivetime/kubezoo-gateway/pkg/proxy/crbprojection.go:139.54,141.2 1 0
github.com/fivetime/kubezoo-gateway/pkg/proxy/crbprojection.go:145.73,147.9 2 0
github.com/fivetime/kubezoo-gateway/pkg/proxy/crbprojection.go:147.9,149.3 1 0
github.com/fivetime/kubezoo-gateway/pkg/proxy/crbprojection.go:150.2,153.86 4 0
github.com/fivetime/kubezoo-gateway/pkg/proxy/crbprojection.go:162.62,163.16 1 0
github.com/fivetime/kubezoo-gateway/pkg/proxy/crbprojection.go:163.16,165.3 1 0
github.com/fivetime/kubezoo-gateway/pkg/proxy/crbprojection.go:166.2,167.9 2 0
github.com/fivetime/kubezoo-gateway/pkg/proxy/crbprojection.go:167.9,169.3 1 0
github.com/fivetime/kubezoo-gateway/pkg/proxy/crbprojection.go:170.2,176.29 6 0
github.com/fivetime/kubezoo-gateway/pkg/proxy/crbprojection.go:176.29,181.3 4 0
github.com/fivetime/kubezoo-gateway/pkg/proxy/crbprojection.go:182.2,182.52 1 0
github.com/fivetime/kubezoo-gateway/pkg/proxy/crbprojection.go:188.54,191.16 2 0
github.com/fivetime/kubezoo-gateway/pkg/proxy/crbprojection.go:191.16,193.3 1 0
github.com/fivetime/kubezoo-gateway/pkg/proxy/crbprojection.go:194.2,194.34 1 0
github.com/fivetime/kubezoo-gateway/pkg/proxy/crbprojection.go:200.68,204.16 3 0
github.com/fivetime/kubezoo-gateway/pkg/proxy/crbprojection.go:204.16,206.3 1 0
github.com/fivetime/kubezoo-gateway/pkg/proxy/crbprojection.go:207.2,208.9 2 0
github.com/fivetime/kubezoo-gateway/pkg/proxy/crbprojection.go:208.9,210.3 1 0
github.com/fivetime/kubezoo-gateway/pkg/proxy/crbprojection.go:211.2,212.28 2 0
github.com/fivetime/kubezoo-gateway/pkg/proxy/crbprojection.go:212.28,214.17 2 0
github.com/fivetime/kubezoo-gateway/pkg/proxy/crbprojection.go:214.17,216.4 1 0
github.com/fivetime/kubezoo-gateway/pkg/proxy/crbprojection.go:217.3,217.71 1 0
github.com/fivetime/kubezoo-gateway/pkg/proxy/crbprojection.go:219.2,219.17 1 0
github.com/fivetime/kubezoo-gateway/pkg/proxy/crbprojection.go:226.69,229.16 2 0
github.com/fivetime/kubezoo-gateway/pkg/proxy/crbprojection.go:229.16,231.3 1 0
github.com/fivetime/kubezoo-gateway/pkg/proxy/crbprojection.go:232.2,232.39 1 0
github.com/fivetime/kubezoo-gateway/pkg/proxy/crbprojection.go:245.99,248.16 2 0
github.com/fivetime/kubezoo-gateway/pkg/proxy/crbprojection.go:248.16,250.3 1 0
github.com/fivetime/kubezoo-gateway/pkg/proxy/crbprojection.go:251.2,252.16 2 0
github.com/fivetime/kubezoo-gateway/pkg/proxy/crbprojection.go:252.16,254.3 1 0
github.com/fivetime/kubezoo-gateway/pkg/proxy/crbprojection.go:255.2,256.38 2 0
github.com/fivetime/kubezoo-gateway/pkg/proxy/crbprojection.go:261.86,266.16 3 0
github.com/fivetime/kubezoo-gateway/pkg/proxy/crbprojection.go:266.16,268.3 1 0
github.com/fivetime/kubezoo-gateway/pkg/proxy/crbprojection.go:269.2,271.26 3 0
github.com/fivetime/kubezoo-gateway/pkg/proxy/crbprojection.go:278.105,282.16 3 0
github.com/fivetime/kubezoo-gateway/pkg/proxy/crbprojection.go:282.16,284.3 1 0
github.com/fivetime/kubezoo-gateway/pkg/proxy/crbprojection.go:285.2,286.59 2 0
github.com/fivetime/kubezoo-gateway/pkg/proxy/crbprojection.go:286.59,292.3 1 0
github.com/fivetime/kubezoo-gateway/pkg/proxy/crbprojection.go:293.2,294.28 2 0
github.com/fivetime/kubezoo-gateway/pkg/proxy/crbprojection.go:299.72,302.16 2 0
github.com/fivetime/kubezoo-gateway/pkg/proxy/crbprojection.go:302.16,304.3 1 0
github.com/fivetime/kubezoo-gateway/pkg/proxy/crbprojection.go:305.2,306.28 2 0
github.com/fivetime/kubezoo-gateway/pkg/proxy/crbprojection.go:306.28,307.92 1 0
github.com/fivetime/kubezoo-gateway/pkg/proxy/crbprojection.go:307.92,309.4 1 0
github.com/fivetime/kubezoo-gateway/pkg/proxy/crbprojection.go:311.2,311.18 1 0
github.com/fivetime/kubezoo-gateway/pkg/proxy/crbprojection.go:315.88,317.9 2 0
github.com/fivetime/kubezoo-gateway/pkg/proxy/crbprojection.go:317.9,319.3 1 0
github.com/fivetime/kubezoo-gateway/pkg/proxy/crbprojection.go:320.2,321.16 2 0
github.com/fivetime/kubezoo-gateway/pkg/proxy/crbprojection.go:321.16,325.3 2 0
github.com/fivetime/kubezoo-gateway/pkg/proxy/crbprojection.go:326.2,329.16 4 0
github.com/fivetime/kubezoo-gateway/pkg/proxy/crbprojection.go:329.16,333.3 2 0
github.com/fivetime/kubezoo-gateway/pkg/proxy/crbprojection.go:334.2,334.39 1 0
github.com/fivetime/kubezoo-gateway/pkg/proxy/crbprojection.go:334.39,335.34 1 0
github.com/fivetime/kubezoo-gateway/pkg/proxy/crbprojection.go:335.34,336.12 1 0
github.com/fivetime/kubezoo-gateway/pkg/proxy/crbprojection.go:338.3,344.100 7 0
github.com/fivetime/kubezoo-gateway/pkg/proxy/crbprojection.go:344.100,345.12 1 0
github.com/fivetime/kubezoo-gateway/pkg/proxy/crbprojection.go:349.3,350.20 2 0
github.com/fivetime/kubezoo-gateway/pkg/proxy/crbprojection.go:350.20,353.12 2 0
github.com/fivetime/kubezoo-gateway/pkg/proxy/crbprojection.go:355.3,356.103 2 0
github.com/fivetime/kubezoo-gateway/pkg/proxy/crbprojection.go:356.103,359.4 1 0
github.com/fivetime/kubezoo-gateway/pkg/proxy/crbprojection.go:364.90,366.9 2 0
github.com/fivetime/kubezoo-gateway/pkg/proxy/crbprojection.go:366.9,368.3 1 0
github.com/fivetime/kubezoo-gateway/pkg/proxy/crbprojection.go:369.2,370.16 2 0
github.com/fivetime/kubezoo-gateway/pkg/proxy/crbprojection.go:370.16,374.3 2 0
github.com/fivetime/kubezoo-gateway/pkg/proxy/crbprojection.go:375.2,376.39 2 0
github.com/fivetime/kubezoo-gateway/pkg/proxy/crbprojection.go:376.39,377.107 1 0
github.com/fivetime/kubezoo-gateway/pkg/proxy/crbprojection.go:377.107,380.4 1 0
github.com/fivetime/kubezoo-gateway/pkg/proxy/crbprojection.go:391.103,393.20 2 0
github.com/fivetime/kubezoo-gateway/pkg/proxy/crbprojection.go:393.20,395.3 1 0
github.com/fivetime/kubezoo-gateway/pkg/proxy/crbprojection.go:396.2,397.66 2 0
github.com/fivetime/kubezoo-gateway/pkg/proxy/crbprojection.go:397.66,398.82 1 0
github.com/fivetime/kubezoo-gateway/pkg/proxy/crbprojection.go:398.82,400.4 1 0
github.com/fivetime/kubezoo-gateway/pkg/proxy/crbprojection.go:402.2,403.16 2 0
github.com/fivetime/kubezoo-gateway/pkg/proxy/crbprojection.go:407.64,409.9 2 0
github.com/fivetime/kubezoo-gateway/pkg/proxy/crbprojection.go:409.9,411.3 1 0
github.com/fivetime/kubezoo-gateway/pkg/proxy/crbprojection.go:412.2,420.26 5 0
github.com/fivetime/kubezoo-gateway/pkg/proxy/crbprojection.go:420.26,422.3 1 0
github.com/fivetime/kubezoo-gateway/pkg/proxy/crbprojection.go:423.2,424.20 2 0
github.com/fivetime/kubezoo-gateway/pkg/proxy/crbprojection.go:428.71,430.9 2 0
github.com/fivetime/kubezoo-gateway/pkg/proxy/crbprojection.go:430.9,432.3 1 0
github.com/fivetime/kubezoo-gateway/pkg/proxy/crbprojection.go:433.2,441.26 5 0
github.com/fivetime/kubezoo-gateway/pkg/proxy/crbprojection.go:441.26,443.3 1 0
github.com/fivetime/kubezoo-gateway/pkg/proxy/crbprojection.go:444.2,444.17 1 0
github.com/fivetime/kubezoo-gateway/pkg/proxy/crbprojection.go:453.72,455.2 1 0
github.com/fivetime/kubezoo-gateway/pkg/proxy/crbprojection.go:457.116,459.16 2 0
github.com/fivetime/kubezoo-gateway/pkg/proxy/crbprojection.go:459.16,461.3 1 0
github.com/fivetime/kubezoo-gateway/pkg/proxy/crbprojection.go:462.2,463.16 2 0
github.com/fivetime/kubezoo-gateway/pkg/proxy/crbprojection.go:463.16,465.3 1 0
github.com/fivetime/kubezoo-gateway/pkg/proxy/crbprojection.go:466.2,466.31 1 0
github.com/fivetime/kubezoo-gateway/pkg/proxy/crbprojection.go:475.64,479.2 3 0
github.com/fivetime/kubezoo-gateway/pkg/proxy/crbprojection.go:481.33,483.42 2 0
github.com/fivetime/kubezoo-gateway/pkg/proxy/crbprojection.go:483.42,484.57 1 0
github.com/fivetime/kubezoo-gateway/pkg/proxy/crbprojection.go:484.57,486.18 2 0
github.com/fivetime/kubezoo-gateway/pkg/proxy/crbprojection.go:486.18,487.13 1 0
github.com/fivetime/kubezoo-gateway/pkg/proxy/crbprojection.go:489.4,489.28 1 0
github.com/fivetime/kubezoo-gateway/pkg/proxy/crbprojection.go:491.3,491.20 1 0
github.com/fivetime/kubezoo-gateway/pkg/proxy/crbprojection.go:495.59,495.78 1 0
github.com/fivetime/kubezoo-gateway/pkg/proxy/crbprojection.go:496.59,496.77 1 0
github.com/fivetime/kubezoo-gateway/pkg/proxy/discovery.go:72.101,73.28 1 1
github.com/fivetime/kubezoo-gateway/pkg/proxy/discovery.go:73.28,75.3 1 1
github.com/fivetime/kubezoo-gateway/pkg/proxy/discovery.go:76.2,76.22 1 1
github.com/fivetime/kubezoo-gateway/pkg/proxy/discovery.go:76.22,78.3 1 1
github.com/fivetime/kubezoo-gateway/pkg/proxy/discovery.go:79.2,79.28 1 1
github.com/fivetime/kubezoo-gateway/pkg/proxy/discovery.go:79.28,81.3 1 1
github.com/fivetime/kubezoo-gateway/pkg/proxy/discovery.go:82.2,82.113 1 1
github.com/fivetime/kubezoo-gateway/pkg/proxy/discovery.go:87.87,89.16 2 1
github.com/fivetime/kubezoo-gateway/pkg/proxy/discovery.go:89.16,91.3 1 0
github.com/fivetime/kubezoo-gateway/pkg/proxy/discovery.go:92.2,94.16 3 1
github.com/fivetime/kubezoo-gateway/pkg/proxy/discovery.go:94.16,96.3 1 0
github.com/fivetime/kubezoo-gateway/pkg/proxy/discovery.go:97.2,97.75 1 1
github.com/fivetime/kubezoo-gateway/pkg/proxy/discovery.go:102.70,103.25 1 1
github.com/fivetime/kubezoo-gateway/pkg/proxy/discovery.go:103.25,105.3 1 0
github.com/fivetime/kubezoo-gateway/pkg/proxy/discovery.go:112.2,117.37 2 1
github.com/fivetime/kubezoo-gateway/pkg/proxy/discovery.go:117.37,120.22 2 1
github.com/fivetime/kubezoo-gateway/pkg/proxy/discovery.go:120.22,121.12 1 1
github.com/fivetime/kubezoo-gateway/pkg/proxy/discovery.go:127.3,127.30 1 1
github.com/fivetime/kubezoo-gateway/pkg/proxy/discovery.go:127.30,129.12 2 1
github.com/fivetime/kubezoo-gateway/pkg/proxy/discovery.go:132.3,132.30 1 1
github.com/fivetime/kubezoo-gateway/pkg/proxy/discovery.go:132.30,135.12 3 1
github.com/fivetime/kubezoo-gateway/pkg/proxy/discovery.go:138.2,138.17 1 1
github.com/fivetime/kubezoo-gateway/pkg/proxy/discovery.go:142.100,144.16 2 1
github.com/fivetime/kubezoo-gateway/pkg/proxy/discovery.go:144.16,146.3 1 0
github.com/fivetime/kubezoo-gateway/pkg/proxy/discovery.go:147.2,149.47 3 1
github.com/fivetime/kubezoo-gateway/pkg/proxy/discovery.go:149.47,151.3 1 1
github.com/fivetime/kubezoo-gateway/pkg/proxy/discovery.go:153.2,154.115 2 1
github.com/fivetime/kubezoo-gateway/pkg/proxy/discovery.go:154.115,156.3 1 0
github.com/fivetime/kubezoo-gateway/pkg/proxy/discovery.go:157.2,158.15 2 1
github.com/fivetime/kubezoo-gateway/pkg/proxy/discovery.go:162.124,164.16 2 1
github.com/fivetime/kubezoo-gateway/pkg/proxy/discovery.go:164.16,166.3 1 0
github.com/fivetime/kubezoo-gateway/pkg/proxy/discovery.go:167.2,169.63 3 1
github.com/fivetime/kubezoo-gateway/pkg/proxy/discovery.go:169.63,171.3 1 1
github.com/fivetime/kubezoo-gateway/pkg/proxy/discovery.go:172.2,173.16 2 1
github.com/fivetime/kubezoo-gateway/pkg/proxy/discovery.go:173.16,175.3 1 0
github.com/fivetime/kubezoo-gateway/pkg/proxy/discovery.go:176.2,177.26 2 1
github.com/fivetime/kubezoo-gateway/pkg/proxy/discovery.go:181.66,183.2 1 0
github.com/fivetime/kubezoo-gateway/pkg/proxy/discovery.go:185.73,187.2 1 0
github.com/fivetime/kubezoo-gateway/pkg/proxy/discovery.go:189.84,191.34 2 0
github.com/fivetime/kubezoo-gateway/pkg/proxy/discovery.go:191.34,192.32 1 0
github.com/fivetime/kubezoo-gateway/pkg/proxy/discovery.go:192.32,194.4 1 0
github.com/fivetime/kubezoo-gateway/pkg/proxy/discovery.go:196.2,196.41 1 0
github.com/fivetime/kubezoo-gateway/pkg/proxy/discovery.go:199.63,201.16 2 0
github.com/fivetime/kubezoo-gateway/pkg/proxy/discovery.go:201.16,203.3 1 0
github.com/fivetime/kubezoo-gateway/pkg/proxy/discovery.go:204.2,205.50 2 0
github.com/fivetime/kubezoo-gateway/pkg/proxy/discovery.go:205.50,207.3 1 0
github.com/fivetime/kubezoo-gateway/pkg/proxy/discovery.go:208.2,208.18 1 0
github.com/fivetime/kubezoo-gateway/pkg/proxy/fanout.go:68.61,71.16 3 1
github.com/fivetime/kubezoo-gateway/pkg/proxy/fanout.go:71.16,73.3 1 0
github.com/fivetime/kubezoo-gateway/pkg/proxy/fanout.go:74.2,74.55 1 1
github.com/fivetime/kubezoo-gateway/pkg/proxy/fanout.go:82.65,85.16 3 1
github.com/fivetime/kubezoo-gateway/pkg/proxy/fanout.go:85.16,87.3 1 1
github.com/fivetime/kubezoo-gateway/pkg/proxy/fanout.go:88.2,88.89 1 1
github.com/fivetime/kubezoo-gateway/pkg/proxy/fanout.go:88.89,90.3 1 1
github.com/fivetime/kubezoo-gateway/pkg/proxy/fanout.go:91.2,91.53 1 1
github.com/fivetime/kubezoo-gateway/pkg/proxy/fanout.go:91.53,93.3 1 1
github.com/fivetime/kubezoo-gateway/pkg/proxy/fanout.go:94.2,94.15 1 1
github.com/fivetime/kubezoo-gateway/pkg/proxy/fanout.go:114.74,116.9 2 0
github.com/fivetime/kubezoo-gateway/pkg/proxy/fanout.go:116.9,118.3 1 0
github.com/fivetime/kubezoo-gateway/pkg/proxy/fanout.go:119.2,120.44 2 0
github.com/fivetime/kubezoo-gateway/pkg/proxy/fanout.go:120.44,122.3 1 0
github.com/fivetime/kubezoo-gateway/pkg/proxy/fanout.go:123.2,127.4 2 0
github.com/fivetime/kubezoo-gateway/pkg/proxy/fanout.go:138.117,143.22 3 0
github.com/fivetime/kubezoo-gateway/pkg/proxy/fanout.go:143.22,146.3 2 0
github.com/fivetime/kubezoo-gateway/pkg/proxy/fanout.go:147.2,148.16 2 0
github.com/fivetime/kubezoo-gateway/pkg/proxy/fanout.go:148.16,150.3 1 0
[...]
github.com/fivetime/kubezoo-gateway/pkg/clusterresourcequota/controllers/clusterresourcequota_controller.go:114.2,116.39 2 0
github.com/fivetime/kubezoo-gateway/pkg/clusterresourcequota/controllers/clusterresourcequota_controller.go:116.39,118.17 2 0
github.com/fivetime/kubezoo-gateway/pkg/clusterresourcequota/controllers/clusterresourcequota_controller.go:118.17,120.4 1 0
github.com/fivetime/kubezoo-gateway/pkg/clusterresourcequota/controllers/clusterresourcequota_controller.go:121.3,123.29 2 0
github.com/fivetime/kubezoo-gateway/pkg/clusterresourcequota/controllers/clusterresourcequota_controller.go:125.2,125.44 1 0
github.com/fivetime/kubezoo-gateway/pkg/clusterresourcequota/controllers/clusterresourcequota_controller.go:125.44,127.36 1 0
github.com/fivetime/kubezoo-gateway/pkg/clusterresourcequota/controllers/clusterresourcequota_controller.go:127.36,130.4 2 0
github.com/fivetime/kubezoo-gateway/pkg/clusterresourcequota/controllers/clusterresourcequota_controller.go:133.2,133.73 1 0
github.com/fivetime/kubezoo-gateway/pkg/clusterresourcequota/controllers/clusterresourcequota_controller.go:133.73,135.3 1 0
github.com/fivetime/kubezoo-gateway/pkg/clusterresourcequota/controllers/clusterresourcequota_controller.go:137.2,137.32 1 0
github.com/fivetime/kubezoo-gateway/pkg/clusterresourcequota/controllers/clusterresourcequota_controller.go:140.162,147.31 5 0
github.com/fivetime/kubezoo-gateway/pkg/clusterresourcequota/controllers/clusterresourcequota_controller.go:147.31,149.3 1 0
github.com/fivetime/kubezoo-gateway/pkg/clusterresourcequota/controllers/clusterresourcequota_controller.go:151.2,160.11 3 0
github.com/fivetime/kubezoo-gateway/pkg/clusterresourcequota/controllers/clusterresourcequota_controller.go:160.11,162.123 2 0
github.com/fivetime/kubezoo-gateway/pkg/clusterresourcequota/controllers/clusterresourcequota_controller.go:162.123,165.4 2 0
github.com/fivetime/kubezoo-gateway/pkg/clusterresourcequota/controllers/clusterresourcequota_controller.go:166.3,166.17 1 0
github.com/fivetime/kubezoo-gateway/pkg/clusterresourcequota/controllers/clusterresourcequota_controller.go:166.17,168.4 1 0
github.com/fivetime/kubezoo-gateway/pkg/clusterresourcequota/controllers/clusterresourcequota_controller.go:170.2,170.12 1 0
github.com/fivetime/kubezoo-gateway/pkg/clusterresourcequota/controllers/clusterresourcequota_controller.go:173.225,178.24 3 0
github.com/fivetime/kubezoo-gateway/pkg/clusterresourcequota/controllers/clusterresourcequota_controller.go:178.24,182.61 4 0
github.com/fivetime/kubezoo-gateway/pkg/clusterresourcequota/controllers/clusterresourcequota_controller.go:182.61,188.12 4 0
github.com/fivetime/kubezoo-gateway/pkg/clusterresourcequota/controllers/clusterresourcequota_controller.go:190.3,190.19 1 0
github.com/fivetime/kubezoo-gateway/pkg/clusterresourcequota/controllers/clusterresourcequota_controller.go:190.19,193.4 1 0
github.com/fivetime/kubezoo-gateway/pkg/clusterresourcequota/controllers/clusterresourcequota_controller.go:194.3,194.26 1 0
github.com/fivetime/kubezoo-gateway/pkg/clusterresourcequota/controllers/clusterresourcequota_controller.go:194.26,196.12 2 0
github.com/fivetime/kubezoo-gateway/pkg/clusterresourcequota/controllers/clusterresourcequota_controller.go:198.3,200.30 2 0
github.com/fivetime/kubezoo-gateway/pkg/clusterresourcequota/controllers/clusterresourcequota_controller.go:203.2,203.25 1 0
github.com/fivetime/kubezoo-gateway/pkg/clusterresourcequota/controllers/clusterresourcequota_controller.go:203.25,220.3 4 0
github.com/fivetime/kubezoo-gateway/pkg/clusterresourcequota/controllers/clusterresourcequota_controller.go:222.2,225.29 2 0
github.com/fivetime/kubezoo-gateway/pkg/clusterresourcequota/controllers/clusterresourcequota_controller.go:225.29,227.114 2 0
github.com/fivetime/kubezoo-gateway/pkg/clusterresourcequota/controllers/clusterresourcequota_controller.go:227.114,228.18 1 0
github.com/fivetime/kubezoo-gateway/pkg/clusterresourcequota/controllers/clusterresourcequota_controller.go:228.18,231.5 2 0
github.com/fivetime/kubezoo-gateway/pkg/clusterresourcequota/controllers/clusterresourcequota_controller.go:232.4,232.17 1 0
github.com/fivetime/kubezoo-gateway/pkg/clusterresourcequota/controllers/clusterresourcequota_controller.go:232.17,234.5 1 0
github.com/fivetime/kubezoo-gateway/pkg/clusterresourcequota/controllers/clusterresourcequota_controller.go:235.4,235.14 1 0
github.com/fivetime/kubezoo-gateway/pkg/clusterresourcequota/controllers/clusterresourcequota_controller.go:237.3,237.17 1 0
github.com/fivetime/kubezoo-gateway/pkg/clusterresourcequota/controllers/clusterresourcequota_controller.go:237.17,239.4 1 0
github.com/fivetime/kubezoo-gateway/pkg/clusterresourcequota/controllers/clusterresourcequota_controller.go:242.2,242.26 1 0
github.com/fivetime/kubezoo-gateway/pkg/clusterresourcequota/controllers/clusterresourcequota_controller.go:245.183,253.16 4 0
github.com/fivetime/kubezoo-gateway/pkg/clusterresourcequota/controllers/clusterresourcequota_controller.go:253.16,255.3 1 0
github.com/fivetime/kubezoo-gateway/pkg/clusterresourcequota/controllers/clusterresourcequota_controller.go:257.2,260.33 3 0
github.com/fivetime/kubezoo-gateway/pkg/clusterresourcequota/controllers/clusterresourcequota_controller.go:260.33,264.3 3 0
github.com/fivetime/kubezoo-gateway/pkg/clusterresourcequota/controllers/clusterresourcequota_controller.go:266.2,266.42 1 0
github.com/fivetime/kubezoo-gateway/pkg/clusterresourcequota/controllers/clusterresourcequota_controller.go:269.144,271.48 2 0
github.com/fivetime/kubezoo-gateway/pkg/clusterresourcequota/controllers/clusterresourcequota_controller.go:271.48,274.17 3 0
github.com/fivetime/kubezoo-gateway/pkg/clusterresourcequota/controllers/clusterresourcequota_controller.go:274.17,276.4 1 0
github.com/fivetime/kubezoo-gateway/pkg/clusterresourcequota/controllers/clusterresourcequota_controller.go:277.3,278.17 2 0
github.com/fivetime/kubezoo-gateway/pkg/clusterresourcequota/controllers/clusterresourcequota_controller.go:278.17,280.4 1 0
github.com/fivetime/kubezoo-gateway/pkg/clusterresourcequota/controllers/clusterresourcequota_controller.go:282.3,282.35 1 0
github.com/fivetime/kubezoo-gateway/pkg/clusterresourcequota/controllers/clusterresourcequota_controller.go:282.35,284.4 1 0
github.com/fivetime/kubezoo-gateway/pkg/clusterresourcequota/controllers/clusterresourcequota_controller.go:287.2,287.52 1 0
github.com/fivetime/kubezoo-gateway/pkg/clusterresourcequota/controllers/clusterresourcequota_controller.go:287.52,290.17 3 0
github.com/fivetime/kubezoo-gateway/pkg/clusterresourcequota/controllers/clusterresourcequota_controller.go:290.17,291.30 1 0
github.com/fivetime/kubezoo-gateway/pkg/clusterresourcequota/controllers/clusterresourcequota_controller.go:291.30,292.13 1 0
github.com/fivetime/kubezoo-gateway/pkg/clusterresourcequota/controllers/clusterresourcequota_controller.go:294.4,294.19 1 0
github.com/fivetime/kubezoo-gateway/pkg/clusterresourcequota/controllers/clusterresourcequota_controller.go:296.3,296.26 1 0
github.com/fivetime/kubezoo-gateway/pkg/clusterresourcequota/controllers/clusterresourcequota_controller.go:298.2,298.24 1 0
github.com/fivetime/kubezoo-gateway/pkg/clusterresourcequota/controllers/clusterresourcequota_controller.go:308.159,310.9 2 0
github.com/fivetime/kubezoo-gateway/pkg/clusterresourcequota/controllers/clusterresourcequota_controller.go:310.9,312.3 1 0
github.com/fivetime/kubezoo-gateway/pkg/clusterresourcequota/controllers/clusterresourcequota_controller.go:314.2,316.16 3 0
github.com/fivetime/kubezoo-gateway/pkg/clusterresourcequota/controllers/clusterresourcequota_controller.go:316.16,319.3 2 0
github.com/fivetime/kubezoo-gateway/pkg/clusterresourcequota/controllers/clusterresourcequota_controller.go:321.2,321.33 1 0
github.com/fivetime/kubezoo-gateway/pkg/clusterresourcequota/controllers/clusterresourcequota_controller.go:321.33,324.26 2 0
github.com/fivetime/kubezoo-gateway/pkg/clusterresourcequota/controllers/clusterresourcequota_controller.go:324.26,331.4 1 0
github.com/fivetime/kubezoo-gateway/pkg/clusterresourcequota/controllers/clusterresourcequota_controller.go:335.152,336.2 0 0
github.com/fivetime/kubezoo-gateway/pkg/clusterresourcequota/controllers/clusterresourcequota_controller.go:338.152,339.2 0 0
github.com/fivetime/kubezoo-gateway/pkg/clusterresourcequota/controllers/clusterresourcequota_controller.go:341.154,342.2 0 0
github.com/fivetime/kubezoo-gateway/pkg/clusterresourcequota/controllers/clusterresourcequota_controller.go:344.84,346.16 2 0
github.com/fivetime/kubezoo-gateway/pkg/clusterresourcequota/controllers/clusterresourcequota_controller.go:346.16,348.3 1 0
github.com/fivetime/kubezoo-gateway/pkg/clusterresourcequota/controllers/clusterresourcequota_controller.go:349.2,350.68 2 0
github.com/fivetime/kubezoo-gateway/pkg/clusterresourcequota/controllers/util.go:46.45,46.75 1 0
github.com/fivetime/kubezoo-gateway/pkg/clusterresourcequota/controllers/util.go:49.56,49.86 1 0
github.com/fivetime/kubezoo-gateway/pkg/clusterresourcequota/controllers/util.go:53.77,55.2 1 0
github.com/fivetime/kubezoo-gateway/pkg/clusterresourcequota/controllers/util.go:59.77,61.2 1 0
github.com/fivetime/kubezoo-gateway/pkg/clusterresourcequota/controllers/util.go:70.43,76.16 4 0
github.com/fivetime/kubezoo-gateway/pkg/clusterresourcequota/controllers/util.go:76.16,77.16 1 0
github.com/fivetime/kubezoo-gateway/pkg/clusterresourcequota/controllers/util.go:77.16,79.5 1 0
github.com/fivetime/kubezoo-gateway/pkg/clusterresourcequota/controllers/util.go:79.10,81.56 1 0
github.com/fivetime/kubezoo-gateway/pkg/clusterresourcequota/controllers/util.go:81.56,83.6 1 0
github.com/fivetime/kubezoo-gateway/pkg/clusterresourcequota/controllers/util.go:85.4,86.46 2 0
github.com/fivetime/kubezoo-gateway/pkg/clusterresourcequota/controllers/util.go:86.46,88.5 1 0
github.com/fivetime/kubezoo-gateway/pkg/clusterresourcequota/controllers/util.go:89.4,89.50 1 0
github.com/fivetime/kubezoo-gateway/pkg/clusterresourcequota/controllers/util.go:89.50,92.5 1 0
github.com/fivetime/kubezoo-gateway/pkg/clusterresourcequota/controllers/util.go:93.4,93.53 1 0
github.com/fivetime/kubezoo-gateway/pkg/clusterresourcequota/controllers/util.go:93.53,96.5 1 0
github.com/fivetime/kubezoo-gateway/pkg/clusterresourcequota/controllers/util.go:98.4,99.14 2 0
github.com/fivetime/kubezoo-gateway/pkg/clusterresourcequota/controllers/util.go:102.2,102.16 1 0
github.com/fivetime/kubezoo-gateway/pkg/clusterresourcequota/controllers/util.go:102.16,104.3 1 0
github.com/fivetime/kubezoo-gateway/pkg/clusterresourcequota/controllers/util.go:105.2,105.20 1 0
github.com/fivetime/kubezoo-gateway/pkg/clusterresourcequota/controllers/util.go:109.87,110.28 1 0
github.com/fivetime/kubezoo-gateway/pkg/clusterresourcequota/controllers/util.go:110.28,112.3 1 0
github.com/fivetime/kubezoo-gateway/pkg/clusterresourcequota/controllers/util.go:113.2,113.62 1 0
github.com/fivetime/kubezoo-gateway/pkg/clusterresourcequota/controllers/util.go:113.62,115.3 1 0
github.com/fivetime/kubezoo-gateway/pkg/clusterresourcequota/controllers/util.go:116.2,116.12 1 0
github.com/fivetime/kubezoo-gateway/pkg/clusterresourcequota/controllers/webhook.go:58.82,82.16 5 0
github.com/fivetime/kubezoo-gateway/pkg/clusterresourcequota/controllers/webhook.go:82.16,84.3 1 0
github.com/fivetime/kubezoo-gateway/pkg/clusterresourcequota/controllers/webhook.go:86.2,97.8 1 0
github.com/fivetime/kubezoo-gateway/pkg/clusterresourcequota/controllers/webhook.go:101.60,104.2 2 0
github.com/fivetime/kubezoo-gateway/pkg/clusterresourcequota/controllers/webhook.go:106.91,107.41 1 0
github.com/fivetime/kubezoo-gateway/pkg/clusterresourcequota/controllers/webhook.go:107.41,110.17 3 0
github.com/fivetime/kubezoo-gateway/pkg/clusterresourcequota/controllers/webhook.go:110.17,112.4 1 0
github.com/fivetime/kubezoo-gateway/pkg/clusterresourcequota/controllers/webhook.go:113.3,116.17 4 0
github.com/fivetime/kubezoo-gateway/pkg/clusterresourcequota/controllers/webhook.go:116.17,118.36 2 0
github.com/fivetime/kubezoo-gateway/pkg/clusterresourcequota/controllers/webhook.go:118.36,120.5 1 0
github.com/fivetime/kubezoo-gateway/pkg/clusterresourcequota/controllers/webhook.go:121.4,121.40 1 0
github.com/fivetime/kubezoo-gateway/pkg/clusterresourcequota/controllers/webhook.go:124.2,124.30 1 0
github.com/fivetime/kubezoo-gateway/pkg/clusterresourcequota/controllers/webhook.go:127.90,134.36 2 0
github.com/fivetime/kubezoo-gateway/pkg/clusterresourcequota/controllers/webhook.go:134.36,136.3 1 0
github.com/fivetime/kubezoo-gateway/pkg/clusterresourcequota/controllers/webhook.go:138.2,150.3 1 0
github.com/fivetime/kubezoo-gateway/pkg/clusterresourcequota/controllers/webhook.go:157.85,163.16 4 0
github.com/fivetime/kubezoo-gateway/pkg/clusterresourcequota/controllers/webhook.go:163.16,165.3 1 0
github.com/fivetime/kubezoo-gateway/pkg/clusterresourcequota/controllers/webhook.go:166.2,167.33 2 0
github.com/fivetime/kubezoo-gateway/pkg/clusterresourcequota/controllers/webhook.go:167.33,170.45 3 0
github.com/fivetime/kubezoo-gateway/pkg/clusterresourcequota/controllers/webhook.go:170.45,171.12 1 0
github.com/fivetime/kubezoo-gateway/pkg/clusterresourcequota/controllers/webhook.go:173.3,175.17 3 0
github.com/fivetime/kubezoo-gateway/pkg/clusterresourcequota/controllers/webhook.go:175.17,176.30 1 0
github.com/fivetime/kubezoo-gateway/pkg/clusterresourcequota/controllers/webhook.go:176.30,177.13 1 0
github.com/fivetime/kubezoo-gateway/pkg/clusterresourcequota/controllers/webhook.go:179.4,179.19 1 0
github.com/fivetime/kubezoo-gateway/pkg/clusterresourcequota/controllers/webhook.go:182.3,185.34 3 0
github.com/fivetime/kubezoo-gateway/pkg/clusterresourcequota/controllers/webhook.go:187.2,187.20 1 0
github.com/fivetime/kubezoo-gateway/pkg/clusterresourcequota/controllers/webhook.go:190.81,192.2 1 0
github.com/fivetime/kubezoo-gateway/pkg/clusterresourcequota/controllers/webhook.go:195.90,203.2 2 0
github.com/fivetime/kubezoo-gateway/pkg/proxy/pod/proxy.go:30.95,35.2 1 0
github.com/fivetime/kubezoo-gateway/pkg/proxy/pod/proxy.go:40.32,40.33 0 0
github.com/fivetime/kubezoo-gateway/pkg/proxy/pod/proxy.go:48.42,50.2 1 0
github.com/fivetime/kubezoo-gateway/pkg/proxy/pod/proxy.go:53.47,55.2 1 0
github.com/fivetime/kubezoo-gateway/pkg/proxy/pod/proxy.go:58.72,60.2 1 0
github.com/fivetime/kubezoo-gateway/pkg/proxy/pod/proxy.go:63.130,64.73 1 0
github.com/fivetime/kubezoo-gateway/pkg/proxy/pod/proxy.go:64.73,67.10 2 0
github.com/fivetime/kubezoo-gateway/pkg/proxy/pod/proxy.go:67.10,70.4 2 0
github.com/fivetime/kubezoo-gateway/pkg/proxy/pod/proxy.go:72.3,73.10 2 0
github.com/fivetime/kubezoo-gateway/pkg/proxy/pod/proxy.go:73.10,76.4 2 0
github.com/fivetime/kubezoo-gateway/pkg/proxy/pod/proxy.go:77.3,82.27 3 0
github.com/fivetime/kubezoo-gateway/pkg/proxy/pod/proxy.go:82.27,83.42 1 0
github.com/fivetime/kubezoo-gateway/pkg/proxy/pod/proxy.go:83.42,86.10 2 0
github.com/fivetime/kubezoo-gateway/pkg/proxy/pod/proxy.go:96.3,97.52 2 0
github.com/fivetime/kubezoo-gateway/pkg/proxy/pod/proxy.go:97.52,99.4 1 0
github.com/fivetime/kubezoo-gateway/pkg/proxy/pod/proxy.go:101.3,111.24 5 0
github.com/fivetime/kubezoo-gateway/pkg/proxy/pod/proxy.go:111.24,113.4 1 0
github.com/fivetime/kubezoo-gateway/pkg/proxy/pod/proxy.go:114.3,127.33 4 0
github.com/fivetime/kubezoo-gateway/pkg/proxy/pod/proxy.go:137.79,139.2 1 0
github.com/fivetime/kubezoo-gateway/cmd/kubezoo/app/options/options.go:84.46,125.2 3 0
github.com/fivetime/kubezoo-gateway/cmd/kubezoo/app/options/options.go:128.64,228.2 40 0
github.com/fivetime/kubezoo-gateway/cmd/kubezoo/app/options/proxy.go:31.38,37.2 1 0
github.com/fivetime/kubezoo-gateway/cmd/kubezoo/app/options/proxy.go:39.52,40.14 1 0
github.com/fivetime/kubezoo-gateway/cmd/kubezoo/app/options/proxy.go:40.14,42.3 1 0
github.com/fivetime/kubezoo-gateway/cmd/kubezoo/app/options/proxy.go:43.2,60.171 10 0
github.com/fivetime/kubezoo-gateway/cmd/kubezoo/app/options/proxy.go:63.43,64.14 1 0
github.com/fivetime/kubezoo-gateway/cmd/kubezoo/app/options/proxy.go:64.14,66.3 1 0
github.com/fivetime/kubezoo-gateway/cmd/kubezoo/app/options/proxy.go:68.2,70.35 2 0
github.com/fivetime/kubezoo-gateway/cmd/kubezoo/app/options/proxy.go:70.35,72.3 1 0
github.com/fivetime/kubezoo-gateway/cmd/kubezoo/app/options/proxy.go:73.2,73.36 1 0
github.com/fivetime/kubezoo-gateway/cmd/kubezoo/app/options/proxy.go:73.36,75.3 1 0
github.com/fivetime/kubezoo-gateway/cmd/kubezoo/app/options/proxy.go:76.2,76.37 1 0
github.com/fivetime/kubezoo-gateway/cmd/kubezoo/app/options/proxy.go:76.37,78.3 1 0
github.com/fivetime/kubezoo-gateway/cmd/kubezoo/app/options/proxy.go:79.2,79.33 1 0
github.com/fivetime/kubezoo-gateway/cmd/kubezoo/app/options/proxy.go:79.33,81.3 1 0
github.com/fivetime/kubezoo-gateway/cmd/kubezoo/app/options/proxy.go:82.2,82.30 1 0
github.com/fivetime/kubezoo-gateway/cmd/kubezoo/app/options/proxy.go:82.30,84.3 1 0
github.com/fivetime/kubezoo-gateway/cmd/kubezoo/app/options/proxy.go:85.2,85.32 1 0
github.com/fivetime/kubezoo-gateway/cmd/kubezoo/app/options/proxy.go:85.32,87.3 1 0
github.com/fivetime/kubezoo-gateway/cmd/kubezoo/app/options/proxy.go:88.2,88.29 1 0
github.com/fivetime/kubezoo-gateway/cmd/kubezoo/app/options/proxy.go:88.29,90.3 1 0
github.com/fivetime/kubezoo-gateway/cmd/kubezoo/app/options/proxy.go:91.2,91.46 1 0
github.com/fivetime/kubezoo-gateway/cmd/kubezoo/app/options/proxy.go:91.46,93.3 1 0
github.com/fivetime/kubezoo-gateway/cmd/kubezoo/app/options/proxy.go:94.2,94.15 1 0
github.com/fivetime/kubezoo-gateway/cmd/kubezoo/app/options/validation.go:33.64,37.52 2 0
github.com/fivetime/kubezoo-gateway/cmd/kubezoo/app/options/validation.go:37.52,39.3 1 0
github.com/fivetime/kubezoo-gateway/cmd/kubezoo/app/options/validation.go:41.2,42.40 2 0
github.com/fivetime/kubezoo-gateway/cmd/kubezoo/app/options/validation.go:42.40,44.3 1 0
github.com/fivetime/kubezoo-gateway/cmd/kubezoo/app/options/validation.go:48.2,49.20 2 0
github.com/fivetime/kubezoo-gateway/cmd/kubezoo/app/options/validation.go:49.20,51.3 1 0
github.com/fivetime/kubezoo-gateway/cmd/kubezoo/app/options/validation.go:56.2,62.40 2 0
github.com/fivetime/kubezoo-gateway/cmd/kubezoo/app/options/validation.go:62.40,65.17 2 0
github.com/fivetime/kubezoo-gateway/cmd/kubezoo/app/options/validation.go:65.17,67.4 1 0
github.com/fivetime/kubezoo-gateway/cmd/kubezoo/app/options/validation.go:69.3,69.17 1 0
github.com/fivetime/kubezoo-gateway/cmd/kubezoo/app/options/validation.go:69.17,71.4 1 0
github.com/fivetime/kubezoo-gateway/cmd/kubezoo/app/options/validation.go:76.3,77.21 2 0
github.com/fivetime/kubezoo-gateway/cmd/kubezoo/app/options/validation.go:77.21,79.4 1 0
github.com/fivetime/kubezoo-gateway/cmd/kubezoo/app/options/validation.go:82.2,82.13 1 0
github.com/fivetime/kubezoo-gateway/cmd/kubezoo/app/options/validation.go:85.65,88.88 2 0
github.com/fivetime/kubezoo-gateway/cmd/kubezoo/app/options/validation.go:88.88,90.3 1 0
github.com/fivetime/kubezoo-gateway/cmd/kubezoo/app/options/validation.go:92.2,92.120 1 0
github.com/fivetime/kubezoo-gateway/cmd/kubezoo/app/options/validation.go:92.120,94.3 1 0
github.com/fivetime/kubezoo-gateway/cmd/kubezoo/app/options/validation.go:95.2,95.13 1 0
github.com/fivetime/kubezoo-gateway/cmd/kubezoo/app/options/validation.go:98.62,107.22 4 0
github.com/fivetime/kubezoo-gateway/cmd/kubezoo/app/options/validation.go:107.22,109.3 1 0
github.com/fivetime/kubezoo-gateway/cmd/kubezoo/app/options/validation.go:111.2,111.41 1 0
github.com/fivetime/kubezoo-gateway/cmd/kubezoo/app/options/validation.go:111.41,113.3 1 0
github.com/fivetime/kubezoo-gateway/cmd/kubezoo/app/options/validation.go:115.2,115.13 1 0
github.com/fivetime/kubezoo-gateway/cmd/kubezoo/app/options/validation.go:119.47,121.24 2 0
github.com/fivetime/kubezoo-gateway/cmd/kubezoo/app/options/validation.go:121.24,123.3 1 0
github.com/fivetime/kubezoo-gateway/cmd/kubezoo/app/options/validation.go:124.2,137.13 13 0
